<?xml version="1.0" encoding="UTF-8"?>
<testsuite xmlns:xsi="http://www.w3.org/2001/XMLSchema-instance" xsi:noNamespaceSchemaLocation="https://maven.apache.org/surefire/maven-surefire-plugin/xsd/surefire-test-report.xsd" name="rest.TestRest" time="72.29" tests="1" errors="1" skipped="0" failures="0">
  <properties>
    <property name="gopherProxySet" value="false"/>
    <property name="awt.toolkit" value="sun.lwawt.macosx.LWCToolkit"/>
    <property name="file.encoding.pkg" value="sun.io"/>
    <property name="java.specification.version" value="1.8"/>
    <property name="sun.cpu.isalist" value=""/>
    <property name="sun.jnu.encoding" value="UTF-8"/>
    <property name="java.class.path" value="/Users/rtofique/BandwidthRepos/PortalStandalone/target/test-classes:/Users/rtofique/BandwidthRepos/PortalStandalone/target/classes:/Users/rtofique/.m2/repository/org/springframework/boot/spring-boot-starter-web/2.1.4.RELEASE/spring-boot-starter-web-2.1.4.RELEASE.jar:/Users/rtofique/.m2/repository/org/springframework/boot/spring-boot-starter/2.1.4.RELEASE/spring-boot-starter-2.1.4.RELEASE.jar:/Users/rtofique/.m2/repository/org/springframework/boot/spring-boot/2.1.4.RELEASE/spring-boot-2.1.4.RELEASE.jar:/Users/rtofique/.m2/repository/org/springframework/boot/spring-boot-autoconfigure/2.1.4.RELEASE/spring-boot-autoconfigure-2.1.4.RELEASE.jar:/Users/rtofique/.m2/repository/org/springframework/boot/spring-boot-starter-logging/2.1.4.RELEASE/spring-boot-starter-logging-2.1.4.RELEASE.jar:/Users/rtofique/.m2/repository/ch/qos/logback/logback-classic/1.2.3/logback-classic-1.2.3.jar:/Users/rtofique/.m2/repository/ch/qos/logback/logback-core/1.2.3/logback-core-1.2.3.jar:/Users/rtofique/.m2/repository/org/apache/logging/log4j/log4j-to-slf4j/2.11.2/log4j-to-slf4j-2.11.2.jar:/Users/rtofique/.m2/repository/org/apache/logging/log4j/log4j-api/2.11.2/log4j-api-2.11.2.jar:/Users/rtofique/.m2/repository/org/slf4j/jul-to-slf4j/1.7.26/jul-to-slf4j-1.7.26.jar:/Users/rtofique/.m2/repository/org/yaml/snakeyaml/1.23/snakeyaml-1.23.jar:/Users/rtofique/.m2/repository/org/springframework/boot/spring-boot-starter-json/2.1.4.RELEASE/spring-boot-starter-json-2.1.4.RELEASE.jar:/Users/rtofique/.m2/repository/com/fasterxml/jackson/datatype/jackson-datatype-jdk8/2.9.8/jackson-datatype-jdk8-2.9.8.jar:/Users/rtofique/.m2/repository/com/fasterxml/jackson/datatype/jackson-datatype-jsr310/2.9.8/jackson-datatype-jsr310-2.9.8.jar:/Users/rtofique/.m2/repository/com/fasterxml/jackson/module/jackson-module-parameter-names/2.9.8/jackson-module-parameter-names-2.9.8.jar:/Users/rtofique/.m2/repository/org/springframework/boot/spring-boot-starter-tomcat/2.1.4.RELEASE/spring-boot-starter-tomcat-2.1.4.RELEASE.jar:/Users/rtofique/.m2/repository/org/apache/tomcat/embed/tomcat-embed-core/9.0.17/tomcat-embed-core-9.0.17.jar:/Users/rtofique/.m2/repository/org/apache/tomcat/embed/tomcat-embed-el/9.0.17/tomcat-embed-el-9.0.17.jar:/Users/rtofique/.m2/repository/org/apache/tomcat/embed/tomcat-embed-websocket/9.0.17/tomcat-embed-websocket-9.0.17.jar:/Users/rtofique/.m2/repository/org/hibernate/validator/hibernate-validator/6.0.16.Final/hibernate-validator-6.0.16.Final.jar:/Users/rtofique/.m2/repository/javax/validation/validation-api/2.0.1.Final/validation-api-2.0.1.Final.jar:/Users/rtofique/.m2/repository/org/jboss/logging/jboss-logging/3.3.2.Final/jboss-logging-3.3.2.Final.jar:/Users/rtofique/.m2/repository/org/springframework/spring-web/5.1.6.RELEASE/spring-web-5.1.6.RELEASE.jar:/Users/rtofique/.m2/repository/org/springframework/spring-webmvc/5.1.6.RELEASE/spring-webmvc-5.1.6.RELEASE.jar:/Users/rtofique/.m2/repository/org/springframework/boot/spring-boot-starter-test/2.1.4.RELEASE/spring-boot-starter-test-2.1.4.RELEASE.jar:/Users/rtofique/.m2/repository/org/springframework/boot/spring-boot-test/2.1.4.RELEASE/spring-boot-test-2.1.4.RELEASE.jar:/Users/rtofique/.m2/repository/org/springframework/boot/spring-boot-test-autoconfigure/2.1.4.RELEASE/spring-boot-test-autoconfigure-2.1.4.RELEASE.jar:/Users/rtofique/.m2/repository/junit/junit/4.12/junit-4.12.jar:/Users/rtofique/.m2/repository/org/assertj/assertj-core/3.11.1/assertj-core-3.11.1.jar:/Users/rtofique/.m2/repository/org/mockito/mockito-core/2.23.4/mockito-core-2.23.4.jar:/Users/rtofique/.m2/repository/net/bytebuddy/byte-buddy/1.9.12/byte-buddy-1.9.12.jar:/Users/rtofique/.m2/repository/net/bytebuddy/byte-buddy-agent/1.9.12/byte-buddy-agent-1.9.12.jar:/Users/rtofique/.m2/repository/org/objenesis/objenesis/2.6/objenesis-2.6.jar:/Users/rtofique/.m2/repository/org/hamcrest/hamcrest-core/1.3/hamcrest-core-1.3.jar:/Users/rtofique/.m2/repository/org/hamcrest/hamcrest-library/1.3/hamcrest-library-1.3.jar:/Users/rtofique/.m2/repository/org/skyscreamer/jsonassert/1.5.0/jsonassert-1.5.0.jar:/Users/rtofique/.m2/repository/com/vaadin/external/google/android-json/0.0.20131108.vaadin1/android-json-0.0.20131108.vaadin1.jar:/Users/rtofique/.m2/repository/org/springframework/spring-core/5.1.6.RELEASE/spring-core-5.1.6.RELEASE.jar:/Users/rtofique/.m2/repository/org/springframework/spring-jcl/5.1.6.RELEASE/spring-jcl-5.1.6.RELEASE.jar:/Users/rtofique/.m2/repository/org/springframework/spring-test/5.1.6.RELEASE/spring-test-5.1.6.RELEASE.jar:/Users/rtofique/.m2/repository/org/xmlunit/xmlunit-core/2.6.2/xmlunit-core-2.6.2.jar:/Users/rtofique/.m2/repository/com/jayway/jsonpath/json-path/2.4.0/json-path-2.4.0.jar:/Users/rtofique/.m2/repository/net/minidev/json-smart/2.3/json-smart-2.3.jar:/Users/rtofique/.m2/repository/net/minidev/accessors-smart/1.2/accessors-smart-1.2.jar:/Users/rtofique/.m2/repository/org/ow2/asm/asm/5.0.4/asm-5.0.4.jar:/Users/rtofique/.m2/repository/org/slf4j/slf4j-api/1.7.26/slf4j-api-1.7.26.jar:/Users/rtofique/.m2/repository/org/apache/ignite/ignite-core/2.5.0/ignite-core-2.5.0.jar:/Users/rtofique/.m2/repository/javax/cache/cache-api/1.1.0/cache-api-1.1.0.jar:/Users/rtofique/.m2/repository/org/jetbrains/annotations/13.0/annotations-13.0.jar:/Users/rtofique/.m2/repository/org/gridgain/ignite-shmem/1.0.0/ignite-shmem-1.0.0.jar:/Users/rtofique/.m2/repository/org/apache/ignite/ignite-spring/2.5.0/ignite-spring-2.5.0.jar:/Users/rtofique/.m2/repository/org/springframework/spring-aop/5.1.6.RELEASE/spring-aop-5.1.6.RELEASE.jar:/Users/rtofique/.m2/repository/org/springframework/spring-beans/5.1.6.RELEASE/spring-beans-5.1.6.RELEASE.jar:/Users/rtofique/.m2/repository/org/springframework/spring-context/5.1.6.RELEASE/spring-context-5.1.6.RELEASE.jar:/Users/rtofique/.m2/repository/org/springframework/spring-expression/5.1.6.RELEASE/spring-expression-5.1.6.RELEASE.jar:/Users/rtofique/.m2/repository/org/springframework/spring-tx/5.1.6.RELEASE/spring-tx-5.1.6.RELEASE.jar:/Users/rtofique/.m2/repository/org/springframework/spring-jdbc/5.1.6.RELEASE/spring-jdbc-5.1.6.RELEASE.jar:/Users/rtofique/.m2/repository/commons-logging/commons-logging/1.1.1/commons-logging-1.1.1.jar:/Users/rtofique/.m2/repository/org/apache/ignite/ignite-indexing/2.5.0/ignite-indexing-2.5.0.jar:/Users/rtofique/.m2/repository/commons-codec/commons-codec/1.11/commons-codec-1.11.jar:/Users/rtofique/.m2/repository/org/apache/lucene/lucene-core/5.5.2/lucene-core-5.5.2.jar:/Users/rtofique/.m2/repository/org/apache/lucene/lucene-analyzers-common/5.5.2/lucene-analyzers-common-5.5.2.jar:/Users/rtofique/.m2/repository/org/apache/lucene/lucene-queryparser/5.5.2/lucene-queryparser-5.5.2.jar:/Users/rtofique/.m2/repository/org/apache/lucene/lucene-queries/5.5.2/lucene-queries-5.5.2.jar:/Users/rtofique/.m2/repository/org/apache/lucene/lucene-sandbox/5.5.2/lucene-sandbox-5.5.2.jar:/Users/rtofique/.m2/repository/com/h2database/h2/1.4.199/h2-1.4.199.jar:/Users/rtofique/.m2/repository/org/apache/ignite/ignite-slf4j/2.5.0/ignite-slf4j-2.5.0.jar:/Users/rtofique/.m2/repository/com/google/code/findbugs/jsr305/3.0.2/jsr305-3.0.2.jar:/Users/rtofique/.m2/repository/io/springfox/springfox-swagger2/2.9.2/springfox-swagger2-2.9.2.jar:/Users/rtofique/.m2/repository/io/swagger/swagger-annotations/1.5.20/swagger-annotations-1.5.20.jar:/Users/rtofique/.m2/repository/io/swagger/swagger-models/1.5.20/swagger-models-1.5.20.jar:/Users/rtofique/.m2/repository/io/springfox/springfox-spi/2.9.2/springfox-spi-2.9.2.jar:/Users/rtofique/.m2/repository/io/springfox/springfox-core/2.9.2/springfox-core-2.9.2.jar:/Users/rtofique/.m2/repository/io/springfox/springfox-schema/2.9.2/springfox-schema-2.9.2.jar:/Users/rtofique/.m2/repository/io/springfox/springfox-swagger-common/2.9.2/springfox-swagger-common-2.9.2.jar:/Users/rtofique/.m2/repository/io/springfox/springfox-spring-web/2.9.2/springfox-spring-web-2.9.2.jar:/Users/rtofique/.m2/repository/com/google/guava/guava/20.0/guava-20.0.jar:/Users/rtofique/.m2/repository/com/fasterxml/classmate/1.4.0/classmate-1.4.0.jar:/Users/rtofique/.m2/repository/org/springframework/plugin/spring-plugin-core/1.2.0.RELEASE/spring-plugin-core-1.2.0.RELEASE.jar:/Users/rtofique/.m2/repository/org/springframework/plugin/spring-plugin-metadata/1.2.0.RELEASE/spring-plugin-metadata-1.2.0.RELEASE.jar:/Users/rtofique/.m2/repository/org/mapstruct/mapstruct/1.2.0.Final/mapstruct-1.2.0.Final.jar:/Users/rtofique/.m2/repository/io/springfox/springfox-swagger-ui/2.9.2/springfox-swagger-ui-2.9.2.jar:/Users/rtofique/.m2/repository/org/testcontainers/testcontainers/1.8.0/testcontainers-1.8.0.jar:/Users/rtofique/.m2/repository/org/slf4j/slf4j-ext/1.7.26/slf4j-ext-1.7.26.jar:/Users/rtofique/.m2/repository/javax/annotation/javax.annotation-api/1.3.2/javax.annotation-api-1.3.2.jar:/Users/rtofique/.m2/repository/org/apache/commons/commons-compress/1.16.1/commons-compress-1.16.1.jar:/Users/rtofique/.m2/repository/javax/xml/bind/jaxb-api/2.3.1/jaxb-api-2.3.1.jar:/Users/rtofique/.m2/repository/javax/activation/javax.activation-api/1.2.0/javax.activation-api-1.2.0.jar:/Users/rtofique/.m2/repository/org/rnorth/duct-tape/duct-tape/1.0.7/duct-tape-1.0.7.jar:/Users/rtofique/.m2/repository/org/rnorth/visible-assertions/visible-assertions/2.1.0/visible-assertions-2.1.0.jar:/Users/rtofique/.m2/repository/net/java/dev/jna/jna/4.5.2/jna-4.5.2.jar:/Users/rtofique/.m2/repository/org/rnorth/tcp-unix-socket-proxy/1.0.2/tcp-unix-socket-proxy-1.0.2.jar:/Users/rtofique/.m2/repository/com/kohlschutter/junixsocket/junixsocket-native-common/2.0.4/junixsocket-native-common-2.0.4.jar:/Users/rtofique/.m2/repository/org/scijava/native-lib-loader/2.0.2/native-lib-loader-2.0.2.jar:/Users/rtofique/.m2/repository/log4j/log4j/1.2.17/log4j-1.2.17.jar:/Users/rtofique/.m2/repository/com/kohlschutter/junixsocket/junixsocket-common/2.0.4/junixsocket-common-2.0.4.jar:/Users/rtofique/.m2/repository/net/java/dev/jna/jna-platform/4.5.2/jna-platform-4.5.2.jar:/Users/rtofique/.m2/repository/org/springframework/boot/spring-boot-configuration-processor/2.1.4.RELEASE/spring-boot-configuration-processor-2.1.4.RELEASE.jar:/Users/rtofique/.m2/repository/com/fasterxml/jackson/core/jackson-databind/2.9.8/jackson-databind-2.9.8.jar:/Users/rtofique/.m2/repository/com/fasterxml/jackson/core/jackson-annotations/2.9.0/jackson-annotations-2.9.0.jar:/Users/rtofique/.m2/repository/com/fasterxml/jackson/core/jackson-core/2.9.8/jackson-core-2.9.8.jar:"/>
    <property name="java.vm.vendor" value="Oracle Corporation"/>
    <property name="sun.arch.data.model" value="64"/>
    <property name="java.vendor.url" value="http://java.oracle.com/"/>
    <property name="user.timezone" value=""/>
    <property name="java.vm.specification.version" value="1.8"/>
    <property name="os.name" value="Mac OS X"/>
    <property name="user.country" value="US"/>
    <property name="sun.java.launcher" value="SUN_STANDARD"/>
    <property name="sun.boot.library.path" value="/Library/Java/JavaVirtualMachines/jdk1.8.0_211.jdk/Contents/Home/jre/lib"/>
    <property name="sun.java.command" value="/Users/rtofique/BandwidthRepos/PortalStandalone/target/surefire/surefirebooter1416659630411558769.jar /Users/rtofique/BandwidthRepos/PortalStandalone/target/surefire 2019-06-18T14-14-22_259-jvmRun1 surefire3461425449571697482tmp surefire_06494529452350436829tmp"/>
    <property name="surefire.test.class.path" value="/Users/rtofique/BandwidthRepos/PortalStandalone/target/test-classes:/Users/rtofique/BandwidthRepos/PortalStandalone/target/classes:/Users/rtofique/.m2/repository/org/springframework/boot/spring-boot-starter-web/2.1.4.RELEASE/spring-boot-starter-web-2.1.4.RELEASE.jar:/Users/rtofique/.m2/repository/org/springframework/boot/spring-boot-starter/2.1.4.RELEASE/spring-boot-starter-2.1.4.RELEASE.jar:/Users/rtofique/.m2/repository/org/springframework/boot/spring-boot/2.1.4.RELEASE/spring-boot-2.1.4.RELEASE.jar:/Users/rtofique/.m2/repository/org/springframework/boot/spring-boot-autoconfigure/2.1.4.RELEASE/spring-boot-autoconfigure-2.1.4.RELEASE.jar:/Users/rtofique/.m2/repository/org/springframework/boot/spring-boot-starter-logging/2.1.4.RELEASE/spring-boot-starter-logging-2.1.4.RELEASE.jar:/Users/rtofique/.m2/repository/ch/qos/logback/logback-classic/1.2.3/logback-classic-1.2.3.jar:/Users/rtofique/.m2/repository/ch/qos/logback/logback-core/1.2.3/logback-core-1.2.3.jar:/Users/rtofique/.m2/repository/org/apache/logging/log4j/log4j-to-slf4j/2.11.2/log4j-to-slf4j-2.11.2.jar:/Users/rtofique/.m2/repository/org/apache/logging/log4j/log4j-api/2.11.2/log4j-api-2.11.2.jar:/Users/rtofique/.m2/repository/org/slf4j/jul-to-slf4j/1.7.26/jul-to-slf4j-1.7.26.jar:/Users/rtofique/.m2/repository/org/yaml/snakeyaml/1.23/snakeyaml-1.23.jar:/Users/rtofique/.m2/repository/org/springframework/boot/spring-boot-starter-json/2.1.4.RELEASE/spring-boot-starter-json-2.1.4.RELEASE.jar:/Users/rtofique/.m2/repository/com/fasterxml/jackson/datatype/jackson-datatype-jdk8/2.9.8/jackson-datatype-jdk8-2.9.8.jar:/Users/rtofique/.m2/repository/com/fasterxml/jackson/datatype/jackson-datatype-jsr310/2.9.8/jackson-datatype-jsr310-2.9.8.jar:/Users/rtofique/.m2/repository/com/fasterxml/jackson/module/jackson-module-parameter-names/2.9.8/jackson-module-parameter-names-2.9.8.jar:/Users/rtofique/.m2/repository/org/springframework/boot/spring-boot-starter-tomcat/2.1.4.RELEASE/spring-boot-starter-tomcat-2.1.4.RELEASE.jar:/Users/rtofique/.m2/repository/org/apache/tomcat/embed/tomcat-embed-core/9.0.17/tomcat-embed-core-9.0.17.jar:/Users/rtofique/.m2/repository/org/apache/tomcat/embed/tomcat-embed-el/9.0.17/tomcat-embed-el-9.0.17.jar:/Users/rtofique/.m2/repository/org/apache/tomcat/embed/tomcat-embed-websocket/9.0.17/tomcat-embed-websocket-9.0.17.jar:/Users/rtofique/.m2/repository/org/hibernate/validator/hibernate-validator/6.0.16.Final/hibernate-validator-6.0.16.Final.jar:/Users/rtofique/.m2/repository/javax/validation/validation-api/2.0.1.Final/validation-api-2.0.1.Final.jar:/Users/rtofique/.m2/repository/org/jboss/logging/jboss-logging/3.3.2.Final/jboss-logging-3.3.2.Final.jar:/Users/rtofique/.m2/repository/org/springframework/spring-web/5.1.6.RELEASE/spring-web-5.1.6.RELEASE.jar:/Users/rtofique/.m2/repository/org/springframework/spring-webmvc/5.1.6.RELEASE/spring-webmvc-5.1.6.RELEASE.jar:/Users/rtofique/.m2/repository/org/springframework/boot/spring-boot-starter-test/2.1.4.RELEASE/spring-boot-starter-test-2.1.4.RELEASE.jar:/Users/rtofique/.m2/repository/org/springframework/boot/spring-boot-test/2.1.4.RELEASE/spring-boot-test-2.1.4.RELEASE.jar:/Users/rtofique/.m2/repository/org/springframework/boot/spring-boot-test-autoconfigure/2.1.4.RELEASE/spring-boot-test-autoconfigure-2.1.4.RELEASE.jar:/Users/rtofique/.m2/repository/junit/junit/4.12/junit-4.12.jar:/Users/rtofique/.m2/repository/org/assertj/assertj-core/3.11.1/assertj-core-3.11.1.jar:/Users/rtofique/.m2/repository/org/mockito/mockito-core/2.23.4/mockito-core-2.23.4.jar:/Users/rtofique/.m2/repository/net/bytebuddy/byte-buddy/1.9.12/byte-buddy-1.9.12.jar:/Users/rtofique/.m2/repository/net/bytebuddy/byte-buddy-agent/1.9.12/byte-buddy-agent-1.9.12.jar:/Users/rtofique/.m2/repository/org/objenesis/objenesis/2.6/objenesis-2.6.jar:/Users/rtofique/.m2/repository/org/hamcrest/hamcrest-core/1.3/hamcrest-core-1.3.jar:/Users/rtofique/.m2/repository/org/hamcrest/hamcrest-library/1.3/hamcrest-library-1.3.jar:/Users/rtofique/.m2/repository/org/skyscreamer/jsonassert/1.5.0/jsonassert-1.5.0.jar:/Users/rtofique/.m2/repository/com/vaadin/external/google/android-json/0.0.20131108.vaadin1/android-json-0.0.20131108.vaadin1.jar:/Users/rtofique/.m2/repository/org/springframework/spring-core/5.1.6.RELEASE/spring-core-5.1.6.RELEASE.jar:/Users/rtofique/.m2/repository/org/springframework/spring-jcl/5.1.6.RELEASE/spring-jcl-5.1.6.RELEASE.jar:/Users/rtofique/.m2/repository/org/springframework/spring-test/5.1.6.RELEASE/spring-test-5.1.6.RELEASE.jar:/Users/rtofique/.m2/repository/org/xmlunit/xmlunit-core/2.6.2/xmlunit-core-2.6.2.jar:/Users/rtofique/.m2/repository/com/jayway/jsonpath/json-path/2.4.0/json-path-2.4.0.jar:/Users/rtofique/.m2/repository/net/minidev/json-smart/2.3/json-smart-2.3.jar:/Users/rtofique/.m2/repository/net/minidev/accessors-smart/1.2/accessors-smart-1.2.jar:/Users/rtofique/.m2/repository/org/ow2/asm/asm/5.0.4/asm-5.0.4.jar:/Users/rtofique/.m2/repository/org/slf4j/slf4j-api/1.7.26/slf4j-api-1.7.26.jar:/Users/rtofique/.m2/repository/org/apache/ignite/ignite-core/2.5.0/ignite-core-2.5.0.jar:/Users/rtofique/.m2/repository/javax/cache/cache-api/1.1.0/cache-api-1.1.0.jar:/Users/rtofique/.m2/repository/org/jetbrains/annotations/13.0/annotations-13.0.jar:/Users/rtofique/.m2/repository/org/gridgain/ignite-shmem/1.0.0/ignite-shmem-1.0.0.jar:/Users/rtofique/.m2/repository/org/apache/ignite/ignite-spring/2.5.0/ignite-spring-2.5.0.jar:/Users/rtofique/.m2/repository/org/springframework/spring-aop/5.1.6.RELEASE/spring-aop-5.1.6.RELEASE.jar:/Users/rtofique/.m2/repository/org/springframework/spring-beans/5.1.6.RELEASE/spring-beans-5.1.6.RELEASE.jar:/Users/rtofique/.m2/repository/org/springframework/spring-context/5.1.6.RELEASE/spring-context-5.1.6.RELEASE.jar:/Users/rtofique/.m2/repository/org/springframework/spring-expression/5.1.6.RELEASE/spring-expression-5.1.6.RELEASE.jar:/Users/rtofique/.m2/repository/org/springframework/spring-tx/5.1.6.RELEASE/spring-tx-5.1.6.RELEASE.jar:/Users/rtofique/.m2/repository/org/springframework/spring-jdbc/5.1.6.RELEASE/spring-jdbc-5.1.6.RELEASE.jar:/Users/rtofique/.m2/repository/commons-logging/commons-logging/1.1.1/commons-logging-1.1.1.jar:/Users/rtofique/.m2/repository/org/apache/ignite/ignite-indexing/2.5.0/ignite-indexing-2.5.0.jar:/Users/rtofique/.m2/repository/commons-codec/commons-codec/1.11/commons-codec-1.11.jar:/Users/rtofique/.m2/repository/org/apache/lucene/lucene-core/5.5.2/lucene-core-5.5.2.jar:/Users/rtofique/.m2/repository/org/apache/lucene/lucene-analyzers-common/5.5.2/lucene-analyzers-common-5.5.2.jar:/Users/rtofique/.m2/repository/org/apache/lucene/lucene-queryparser/5.5.2/lucene-queryparser-5.5.2.jar:/Users/rtofique/.m2/repository/org/apache/lucene/lucene-queries/5.5.2/lucene-queries-5.5.2.jar:/Users/rtofique/.m2/repository/org/apache/lucene/lucene-sandbox/5.5.2/lucene-sandbox-5.5.2.jar:/Users/rtofique/.m2/repository/com/h2database/h2/1.4.199/h2-1.4.199.jar:/Users/rtofique/.m2/repository/org/apache/ignite/ignite-slf4j/2.5.0/ignite-slf4j-2.5.0.jar:/Users/rtofique/.m2/repository/com/google/code/findbugs/jsr305/3.0.2/jsr305-3.0.2.jar:/Users/rtofique/.m2/repository/io/springfox/springfox-swagger2/2.9.2/springfox-swagger2-2.9.2.jar:/Users/rtofique/.m2/repository/io/swagger/swagger-annotations/1.5.20/swagger-annotations-1.5.20.jar:/Users/rtofique/.m2/repository/io/swagger/swagger-models/1.5.20/swagger-models-1.5.20.jar:/Users/rtofique/.m2/repository/io/springfox/springfox-spi/2.9.2/springfox-spi-2.9.2.jar:/Users/rtofique/.m2/repository/io/springfox/springfox-core/2.9.2/springfox-core-2.9.2.jar:/Users/rtofique/.m2/repository/io/springfox/springfox-schema/2.9.2/springfox-schema-2.9.2.jar:/Users/rtofique/.m2/repository/io/springfox/springfox-swagger-common/2.9.2/springfox-swagger-common-2.9.2.jar:/Users/rtofique/.m2/repository/io/springfox/springfox-spring-web/2.9.2/springfox-spring-web-2.9.2.jar:/Users/rtofique/.m2/repository/com/google/guava/guava/20.0/guava-20.0.jar:/Users/rtofique/.m2/repository/com/fasterxml/classmate/1.4.0/classmate-1.4.0.jar:/Users/rtofique/.m2/repository/org/springframework/plugin/spring-plugin-core/1.2.0.RELEASE/spring-plugin-core-1.2.0.RELEASE.jar:/Users/rtofique/.m2/repository/org/springframework/plugin/spring-plugin-metadata/1.2.0.RELEASE/spring-plugin-metadata-1.2.0.RELEASE.jar:/Users/rtofique/.m2/repository/org/mapstruct/mapstruct/1.2.0.Final/mapstruct-1.2.0.Final.jar:/Users/rtofique/.m2/repository/io/springfox/springfox-swagger-ui/2.9.2/springfox-swagger-ui-2.9.2.jar:/Users/rtofique/.m2/repository/org/testcontainers/testcontainers/1.8.0/testcontainers-1.8.0.jar:/Users/rtofique/.m2/repository/org/slf4j/slf4j-ext/1.7.26/slf4j-ext-1.7.26.jar:/Users/rtofique/.m2/repository/javax/annotation/javax.annotation-api/1.3.2/javax.annotation-api-1.3.2.jar:/Users/rtofique/.m2/repository/org/apache/commons/commons-compress/1.16.1/commons-compress-1.16.1.jar:/Users/rtofique/.m2/repository/javax/xml/bind/jaxb-api/2.3.1/jaxb-api-2.3.1.jar:/Users/rtofique/.m2/repository/javax/activation/javax.activation-api/1.2.0/javax.activation-api-1.2.0.jar:/Users/rtofique/.m2/repository/org/rnorth/duct-tape/duct-tape/1.0.7/duct-tape-1.0.7.jar:/Users/rtofique/.m2/repository/org/rnorth/visible-assertions/visible-assertions/2.1.0/visible-assertions-2.1.0.jar:/Users/rtofique/.m2/repository/net/java/dev/jna/jna/4.5.2/jna-4.5.2.jar:/Users/rtofique/.m2/repository/org/rnorth/tcp-unix-socket-proxy/1.0.2/tcp-unix-socket-proxy-1.0.2.jar:/Users/rtofique/.m2/repository/com/kohlschutter/junixsocket/junixsocket-native-common/2.0.4/junixsocket-native-common-2.0.4.jar:/Users/rtofique/.m2/repository/org/scijava/native-lib-loader/2.0.2/native-lib-loader-2.0.2.jar:/Users/rtofique/.m2/repository/log4j/log4j/1.2.17/log4j-1.2.17.jar:/Users/rtofique/.m2/repository/com/kohlschutter/junixsocket/junixsocket-common/2.0.4/junixsocket-common-2.0.4.jar:/Users/rtofique/.m2/repository/net/java/dev/jna/jna-platform/4.5.2/jna-platform-4.5.2.jar:/Users/rtofique/.m2/repository/org/springframework/boot/spring-boot-configuration-processor/2.1.4.RELEASE/spring-boot-configuration-processor-2.1.4.RELEASE.jar:/Users/rtofique/.m2/repository/com/fasterxml/jackson/core/jackson-databind/2.9.8/jackson-databind-2.9.8.jar:/Users/rtofique/.m2/repository/com/fasterxml/jackson/core/jackson-annotations/2.9.0/jackson-annotations-2.9.0.jar:/Users/rtofique/.m2/repository/com/fasterxml/jackson/core/jackson-core/2.9.8/jackson-core-2.9.8.jar:"/>
    <property name="sun.cpu.endian" value="little"/>
    <property name="user.home" value="/Users/rtofique"/>
    <property name="user.language" value="en"/>
    <property name="java.specification.vendor" value="Oracle Corporation"/>
    <property name="java.home" value="/Library/Java/JavaVirtualMachines/jdk1.8.0_211.jdk/Contents/Home/jre"/>
    <property name="basedir" value="/Users/rtofique/BandwidthRepos/PortalStandalone"/>
    <property name="file.separator" value="/"/>
    <property name="line.separator" value="&#10;"/>
    <property name="java.vm.specification.vendor" value="Oracle Corporation"/>
    <property name="java.specification.name" value="Java Platform API Specification"/>
    <property name="java.awt.graphicsenv" value="sun.awt.CGraphicsEnvironment"/>
    <property name="surefire.real.class.path" value="/Users/rtofique/BandwidthRepos/PortalStandalone/target/surefire/surefirebooter1416659630411558769.jar"/>
    <property name="sun.boot.class.path" value="/Library/Java/JavaVirtualMachines/jdk1.8.0_211.jdk/Contents/Home/jre/lib/resources.jar:/Library/Java/JavaVirtualMachines/jdk1.8.0_211.jdk/Contents/Home/jre/lib/rt.jar:/Library/Java/JavaVirtualMachines/jdk1.8.0_211.jdk/Contents/Home/jre/lib/sunrsasign.jar:/Library/Java/JavaVirtualMachines/jdk1.8.0_211.jdk/Contents/Home/jre/lib/jsse.jar:/Library/Java/JavaVirtualMachines/jdk1.8.0_211.jdk/Contents/Home/jre/lib/jce.jar:/Library/Java/JavaVirtualMachines/jdk1.8.0_211.jdk/Contents/Home/jre/lib/charsets.jar:/Library/Java/JavaVirtualMachines/jdk1.8.0_211.jdk/Contents/Home/jre/lib/jfr.jar:/Library/Java/JavaVirtualMachines/jdk1.8.0_211.jdk/Contents/Home/jre/classes"/>
    <property name="sun.management.compiler" value="HotSpot 64-Bit Tiered Compilers"/>
    <property name="java.runtime.version" value="1.8.0_211-b12"/>
    <property name="user.name" value="rtofique"/>
    <property name="path.separator" value=":"/>
    <property name="os.version" value="10.14.5"/>
    <property name="java.endorsed.dirs" value="/Library/Java/JavaVirtualMachines/jdk1.8.0_211.jdk/Contents/Home/jre/lib/endorsed"/>
    <property name="java.runtime.name" value="Java(TM) SE Runtime Environment"/>
    <property name="file.encoding" value="UTF-8"/>
    <property name="java.vm.name" value="Java HotSpot(TM) 64-Bit Server VM"/>
    <property name="localRepository" value="/Users/rtofique/.m2/repository"/>
    <property name="java.vendor.url.bug" value="http://bugreport.sun.com/bugreport/"/>
    <property name="java.io.tmpdir" value="/var/folders/gf/_pvnv7610475ktzd_lvh1jd00000gn/T/"/>
    <property name="java.version" value="1.8.0_211"/>
    <property name="user.dir" value="/Users/rtofique/BandwidthRepos/PortalStandalone"/>
    <property name="os.arch" value="x86_64"/>
    <property name="java.vm.specification.name" value="Java Virtual Machine Specification"/>
    <property name="java.awt.printerjob" value="sun.lwawt.macosx.CPrinterJob"/>
    <property name="sun.os.patch.level" value="unknown"/>
    <property name="java.library.path" value="/Users/rtofique/Library/Java/Extensions:/Library/Java/Extensions:/Network/Library/Java/Extensions:/System/Library/Java/Extensions:/usr/lib/java:."/>
    <property name="java.vm.info" value="mixed mode"/>
    <property name="java.vendor" value="Oracle Corporation"/>
    <property name="java.vm.version" value="25.211-b12"/>
    <property name="java.ext.dirs" value="/Users/rtofique/Library/Java/Extensions:/Library/Java/JavaVirtualMachines/jdk1.8.0_211.jdk/Contents/Home/jre/lib/ext:/Library/Java/Extensions:/Network/Library/Java/Extensions:/System/Library/Java/Extensions:/usr/lib/java"/>
    <property name="sun.io.unicode.encoding" value="UnicodeBig"/>
    <property name="java.class.version" value="52.0"/>
  </properties>
  <testcase name="testRest" classname="rest.TestRest" time="63.283">
    <error message="Container startup failed" type="org.testcontainers.containers.ContainerLaunchException">org.testcontainers.containers.ContainerLaunchException: Container startup failed
	at rest.TestRest.setupApp(TestRest.java:88)
	at rest.TestRest.testRest(TestRest.java:64)
Caused by: org.rnorth.ducttape.RetryCountExceededException: Retry limit hit with exception
	at rest.TestRest.setupApp(TestRest.java:88)
	at rest.TestRest.testRest(TestRest.java:64)
Caused by: org.testcontainers.containers.ContainerLaunchException: Could not create/start container
	at rest.TestRest.setupApp(TestRest.java:88)
	at rest.TestRest.testRest(TestRest.java:64)
Caused by: org.testcontainers.containers.ContainerLaunchException: Timed out waiting for container port to open (localhost ports: [32960] should be listening)
	at rest.TestRest.setupApp(TestRest.java:88)
	at rest.TestRest.testRest(TestRest.java:64)
</error>
    <system-out><![CDATA[14:14:22.855 [main] DEBUG org.testcontainers.utility.TestcontainersConfiguration - Testcontainers configuration overrides will be loaded from file:/Users/rtofique/.testcontainers.properties
14:14:22.859 [main] DEBUG org.testcontainers.utility.TestcontainersConfiguration - Testcontainers configuration overrides loaded from TestcontainersConfiguration(properties={docker.client.strategy=org.testcontainers.dockerclient.UnixSocketClientProviderStrategy})
14:14:22.888 [main] INFO org.testcontainers.dockerclient.DockerClientProviderStrategy - Loaded org.testcontainers.dockerclient.UnixSocketClientProviderStrategy from ~/.testcontainers.properties, will try it first
14:14:22.923 [main] INFO org.testcontainers.dockerclient.DockerClientProviderStrategy - Will use 'netty' transport
14:14:22.929 [main] DEBUG org.testcontainers.shaded.io.netty.util.internal.logging.InternalLoggerFactory - Using SLF4J as the default logging framework
14:14:22.939 [main] DEBUG org.testcontainers.shaded.io.netty.channel.MultithreadEventLoopGroup - -Dio.netty.eventLoopThreads: 16
14:14:22.956 [main] DEBUG org.testcontainers.shaded.io.netty.util.internal.PlatformDependent0 - -Dio.netty.noUnsafe: false
14:14:22.956 [main] DEBUG org.testcontainers.shaded.io.netty.util.internal.PlatformDependent0 - Java version: 8
14:14:22.957 [main] DEBUG org.testcontainers.shaded.io.netty.util.internal.PlatformDependent0 - sun.misc.Unsafe.theUnsafe: available
14:14:22.958 [main] DEBUG org.testcontainers.shaded.io.netty.util.internal.PlatformDependent0 - sun.misc.Unsafe.copyMemory: available
14:14:22.958 [main] DEBUG org.testcontainers.shaded.io.netty.util.internal.PlatformDependent0 - java.nio.Buffer.address: available
14:14:22.958 [main] DEBUG org.testcontainers.shaded.io.netty.util.internal.PlatformDependent0 - direct buffer constructor: available
14:14:22.959 [main] DEBUG org.testcontainers.shaded.io.netty.util.internal.PlatformDependent0 - java.nio.Bits.unaligned: available, true
14:14:22.959 [main] DEBUG org.testcontainers.shaded.io.netty.util.internal.PlatformDependent0 - jdk.internal.misc.Unsafe.allocateUninitializedArray(int): unavailable prior to Java9
14:14:22.959 [main] DEBUG org.testcontainers.shaded.io.netty.util.internal.PlatformDependent0 - java.nio.DirectByteBuffer.<init>(long, int): available
14:14:22.959 [main] DEBUG org.testcontainers.shaded.io.netty.util.internal.PlatformDependent - sun.misc.Unsafe: available
14:14:22.959 [main] DEBUG org.testcontainers.shaded.io.netty.util.internal.PlatformDependent - -Dio.netty.tmpdir: /var/folders/gf/_pvnv7610475ktzd_lvh1jd00000gn/T (java.io.tmpdir)
14:14:22.959 [main] DEBUG org.testcontainers.shaded.io.netty.util.internal.PlatformDependent - -Dio.netty.bitMode: 64 (sun.arch.data.model)
14:14:22.960 [main] DEBUG org.testcontainers.shaded.io.netty.util.internal.PlatformDependent - -Dio.netty.noPreferDirect: false
14:14:22.960 [main] DEBUG org.testcontainers.shaded.io.netty.util.internal.PlatformDependent - -Dio.netty.maxDirectMemory: 3817865216 bytes
14:14:22.960 [main] DEBUG org.testcontainers.shaded.io.netty.util.internal.PlatformDependent - -Dio.netty.uninitializedArrayAllocationThreshold: -1
14:14:22.961 [main] DEBUG org.testcontainers.shaded.io.netty.util.internal.CleanerJava6 - java.nio.ByteBuffer.cleaner(): available
14:14:22.975 [main] DEBUG org.testcontainers.shaded.io.netty.util.internal.NativeLibraryLoader - -Dio.netty.tmpdir: /var/folders/gf/_pvnv7610475ktzd_lvh1jd00000gn/T (java.io.tmpdir)
14:14:22.975 [main] DEBUG org.testcontainers.shaded.io.netty.util.internal.NativeLibraryLoader - -Dio.netty.native.workdir: /var/folders/gf/_pvnv7610475ktzd_lvh1jd00000gn/T (io.netty.tmpdir)
14:14:22.987 [main] DEBUG org.testcontainers.shaded.io.netty.util.NetUtil - -Djava.net.preferIPv4Stack: false
14:14:22.987 [main] DEBUG org.testcontainers.shaded.io.netty.util.NetUtil - -Djava.net.preferIPv6Addresses: false
14:14:23.002 [main] DEBUG org.testcontainers.shaded.io.netty.util.NetUtil - Loopback interface: lo0 (lo0, 0:0:0:0:0:0:0:1%lo0)
14:14:23.003 [main] DEBUG org.testcontainers.shaded.io.netty.util.NetUtil - Failed to get SOMAXCONN from sysctl and file /proc/sys/net/core/somaxconn. Default: 128
14:14:23.013 [main] DEBUG org.testcontainers.shaded.io.netty.util.internal.NativeLibraryLoader - Successfully loaded the library: netty-transport-native-kqueue
14:14:23.020 [main] DEBUG org.testcontainers.shaded.io.netty.util.internal.PlatformDependent - org.jctools-core.MpscChunkedArrayQueue: available
14:14:23.155 [ducttape-0] DEBUG org.testcontainers.dockerclient.DockerClientProviderStrategy - Pinging docker daemon...
14:14:23.156 [ducttape-0] DEBUG com.github.dockerjava.core.command.AbstrDockerCmd - Cmd: com.github.dockerjava.core.exec.PingCmdExec@2c4f7adf
14:14:23.181 [ducttape-0] DEBUG org.testcontainers.shaded.io.netty.channel.DefaultChannelId - -Dio.netty.processId: 14907 (auto-detected)
14:14:23.184 [ducttape-0] DEBUG org.testcontainers.shaded.io.netty.channel.DefaultChannelId - -Dio.netty.machineId: 6c:96:cf:ff:fe:e0:a3:17 (auto-detected)
14:14:23.198 [ducttape-0] DEBUG org.testcontainers.shaded.io.netty.util.ResourceLeakDetector - -Dorg.testcontainers.shaded.io.netty.leakDetection.level: simple
14:14:23.198 [ducttape-0] DEBUG org.testcontainers.shaded.io.netty.util.ResourceLeakDetector - -Dorg.testcontainers.shaded.io.netty.leakDetection.maxRecords: 4
14:14:23.219 [ducttape-0] DEBUG org.testcontainers.shaded.io.netty.buffer.PooledByteBufAllocator - -Dio.netty.allocator.numHeapArenas: 16
14:14:23.219 [ducttape-0] DEBUG org.testcontainers.shaded.io.netty.buffer.PooledByteBufAllocator - -Dio.netty.allocator.numDirectArenas: 16
14:14:23.219 [ducttape-0] DEBUG org.testcontainers.shaded.io.netty.buffer.PooledByteBufAllocator - -Dio.netty.allocator.pageSize: 8192
14:14:23.219 [ducttape-0] DEBUG org.testcontainers.shaded.io.netty.buffer.PooledByteBufAllocator - -Dio.netty.allocator.maxOrder: 11
14:14:23.219 [ducttape-0] DEBUG org.testcontainers.shaded.io.netty.buffer.PooledByteBufAllocator - -Dio.netty.allocator.chunkSize: 16777216
14:14:23.219 [ducttape-0] DEBUG org.testcontainers.shaded.io.netty.buffer.PooledByteBufAllocator - -Dio.netty.allocator.tinyCacheSize: 512
14:14:23.219 [ducttape-0] DEBUG org.testcontainers.shaded.io.netty.buffer.PooledByteBufAllocator - -Dio.netty.allocator.smallCacheSize: 256
14:14:23.219 [ducttape-0] DEBUG org.testcontainers.shaded.io.netty.buffer.PooledByteBufAllocator - -Dio.netty.allocator.normalCacheSize: 64
14:14:23.220 [ducttape-0] DEBUG org.testcontainers.shaded.io.netty.buffer.PooledByteBufAllocator - -Dio.netty.allocator.maxCachedBufferCapacity: 32768
14:14:23.220 [ducttape-0] DEBUG org.testcontainers.shaded.io.netty.buffer.PooledByteBufAllocator - -Dio.netty.allocator.cacheTrimInterval: 8192
14:14:23.220 [ducttape-0] DEBUG org.testcontainers.shaded.io.netty.buffer.PooledByteBufAllocator - -Dio.netty.allocator.useCacheForAllThreads: true
14:14:23.229 [ducttape-0] DEBUG org.testcontainers.shaded.io.netty.buffer.ByteBufUtil - -Dio.netty.allocator.type: pooled
14:14:23.229 [ducttape-0] DEBUG org.testcontainers.shaded.io.netty.buffer.ByteBufUtil - -Dio.netty.threadLocalDirectBufferSize: 65536
14:14:23.229 [ducttape-0] DEBUG org.testcontainers.shaded.io.netty.buffer.ByteBufUtil - -Dio.netty.maxThreadLocalCharBufferSize: 16384
14:14:23.256 [testcontainers-netty-1-1] DEBUG org.testcontainers.shaded.io.netty.buffer.AbstractByteBuf - -Dorg.testcontainers.shaded.io.netty.buffer.bytebuf.checkAccessible: true
14:14:23.258 [testcontainers-netty-1-1] DEBUG org.testcontainers.shaded.io.netty.util.ResourceLeakDetectorFactory - Loaded default ResourceLeakDetector: org.testcontainers.shaded.io.netty.util.ResourceLeakDetector@ae565e5
14:14:23.284 [ducttape-0] DEBUG org.testcontainers.shaded.io.netty.util.Recycler - -Dio.netty.recycler.maxCapacityPerThread: 32768
14:14:23.284 [ducttape-0] DEBUG org.testcontainers.shaded.io.netty.util.Recycler - -Dio.netty.recycler.maxSharedCapacityFactor: 2
14:14:23.284 [ducttape-0] DEBUG org.testcontainers.shaded.io.netty.util.Recycler - -Dio.netty.recycler.linkCapacity: 16
14:14:23.284 [ducttape-0] DEBUG org.testcontainers.shaded.io.netty.util.Recycler - -Dio.netty.recycler.ratio: 8
14:14:23.303 [main] INFO org.testcontainers.dockerclient.UnixSocketClientProviderStrategy - Accessing docker with local Unix socket
14:14:23.303 [main] INFO org.testcontainers.dockerclient.DockerClientProviderStrategy - Found Docker environment with local Unix socket (unix:///var/run/docker.sock)
14:14:23.305 [main] INFO org.testcontainers.DockerClientFactory - Docker host IP address is localhost
14:14:23.307 [main] DEBUG com.github.dockerjava.core.command.AbstrDockerCmd - Cmd: com.github.dockerjava.core.exec.InfoCmdExec@7586beff
14:14:23.453 [main] DEBUG com.github.dockerjava.core.command.AbstrDockerCmd - Cmd: com.github.dockerjava.core.exec.VersionCmdExec@7dcf94f8
14:14:23.462 [main] INFO org.testcontainers.DockerClientFactory - Connected to docker: 
  Server Version: 18.09.2
  API Version: 1.39
  Operating System: Docker for Mac
  Total Memory: 11993 MB
14:14:23.465 [main] DEBUG com.github.dockerjava.core.command.AbstrDockerCmd - Cmd: ListImagesCmdImpl[imageNameFilter=quay.io/testcontainers/ryuk:0.2.2,showAll=false,filters=com.github.dockerjava.core.util.FiltersBuilder@0,execution=com.github.dockerjava.core.exec.ListImagesCmdExec@3d285d7e]
14:14:23.509 [main] DEBUG org.testcontainers.utility.MountableFile - Copying classpath resource(s) from jar:file:/Users/rtofique/.m2/repository/org/testcontainers/testcontainers/1.8.0/testcontainers-1.8.0.jar!/org/testcontainers/utility/ResourceReaper.class to /tmp/.testcontainers-tmp-7286946377089774549 to permit Docker to bind
14:14:23.509 [main] DEBUG org.testcontainers.utility.MountableFile - Copying resource org/testcontainers/utility/ResourceReaper.class from JAR file /Users/rtofique/.m2/repository/org/testcontainers/testcontainers/1.8.0/testcontainers-1.8.0.jar
14:14:23.588 [main] DEBUG com.github.dockerjava.core.command.AbstrDockerCmd - Cmd: com.github.dockerjava.core.command.CreateContainerCmdImpl@3c0be339[name=testcontainers-ryuk-d7384fd2-44a6-4c65-8af2-350d9420b5b9,hostName=<null>,domainName=<null>,user=<null>,attachStdin=<null>,attachStdout=<null>,attachStderr=<null>,portSpecs=<null>,tty=<null>,stdinOpen=<null>,stdInOnce=<null>,env=<null>,cmd=<null>,entrypoint=<null>,image=quay.io/testcontainers/ryuk:0.2.2,volumes=com.github.dockerjava.api.model.Volumes@6e509ffa,workingDir=<null>,macAddress=<null>,networkDisabled=<null>,exposedPorts=com.github.dockerjava.api.model.ExposedPorts@2898ac89,stopSignal=<null>,hostConfig=org.testcontainers.utility.ResourceReaper$1@683dbc2c[autoRemove=true,binds=com.github.dockerjava.api.model.Binds@313b2ea6,blkioWeight=<null>,blkioWeightDevice=<null>,blkioDeviceReadBps=<null>,blkioDeviceReadIOps=<null>,blkioDeviceWriteBps=<null>,blkioDeviceWriteIOps=<null>,memorySwappiness=<null>,capAdd=<null>,capDrop=<null>,containerIDFile=<null>,cpuPeriod=<null>,cpuShares=<null>,cpuQuota=<null>,cpusetCpus=<null>,cpusetMems=<null>,devices=<null>,dns=<null>,dnsSearch=<null>,extraHosts=<null>,links=<null>,logConfig=<null>,lxcConf=<null>,memory=<null>,memorySwap=<null>,memoryReservation=<null>,kernelMemory=<null>,networkMode=<null>,oomKillDisable=<null>,oomScoreAdj=<null>,portBindings=<null>,privileged=<null>,publishAllPorts=true,readonlyRootfs=<null>,restartPolicy=<null>,ulimits=<null>,volumesFrom=<null>,pidMode=<null>,securityOpts=<null>,cgroupParent=<null>,volumeDriver=<null>,shmSize=<null>,pidsLimit=<null>,runtime=<null>,tmpFs=<null>],labels={org.testcontainers=true},networkingConfig=<null>,ipv4Address=<null>,ipv6Address=<null>,aliases=<null>,authConfig=<null>,execution=com.github.dockerjava.core.exec.CreateContainerCmdExec@2f465398]
14:14:23.801 [main] DEBUG com.github.dockerjava.core.command.AbstrDockerCmd - Cmd: d9acd411178bcea1f81e2f5671f8c6bb6ef9508f5dcb4a256ab2282626ce9124,com.github.dockerjava.core.exec.StartContainerCmdExec@69e1dd28
14:14:24.368 [main] DEBUG com.github.dockerjava.core.command.AbstrDockerCmd - Cmd: d9acd411178bcea1f81e2f5671f8c6bb6ef9508f5dcb4a256ab2282626ce9124,false,com.github.dockerjava.core.exec.InspectContainerCmdExec@53976f5c
14:14:24.368 [main] DEBUG com.github.dockerjava.core.exec.InspectContainerCmdExec - GET: com.github.dockerjava.netty.NettyWebTarget@78d7cfd
14:14:24.436 [testcontainers-ryuk] DEBUG org.testcontainers.utility.ResourceReaper - Sending 'label=org.testcontainers%3Dtrue&label=org.testcontainers.sessionId%3Dd7384fd2-44a6-4c65-8af2-350d9420b5b9' to Ryuk
14:14:24.440 [main] INFO org.testcontainers.DockerClientFactory - Ryuk started - will monitor and terminate Testcontainers containers on JVM exit
        &amp#27;[37m&amp#27;[1mℹ︎ Checking the system...&amp#27;[0m&amp#27;[0m
        &amp#27;[32m✔ Docker version should be at least 1.6.0&amp#27;[0m
14:14:24.445 [main] DEBUG com.github.dockerjava.core.command.AbstrDockerCmd - Cmd: d9acd411178bcea1f81e2f5671f8c6bb6ef9508f5dcb4a256ab2282626ce9124,<null>,true,<null>,<null>,<null>,{df,-P},com.github.dockerjava.core.exec.ExecCreateCmdExec@57af006c
14:14:24.541 [testcontainers-netty-1-9] DEBUG com.github.dockerjava.core.command.ExecStartResultCallback - STDOUT: Filesystem           1024-blocks    Used Available Capacity Mounted on
overlay               61255492   6543036  51571132  11% /
tmpfs                    65536         0     65536   0% /dev
tmpfs                  6140604         0   6140604   0% /sys/fs/cgroup
osxfs                244912536  39368676 196384776  17% /dummy
/dev/sda1             61255492   6543036  51571132  11% /etc/resolv.conf
/dev/sda1             61255492   6543036  51571132  11% /etc/hostname
/dev/sda1             61255492   6543036  51571132  11% /etc/hosts
shm                      65536         0     65536   0% /dev/shm
tmpfs                  1228124       580   1227544   0% /run/docker.sock
tmpfs                  6140604         0   6140604   0% /proc/acpi
tmpfs                    65536         0     65536   0% /proc/kcore
tmpfs                    65536         0     65536   0% /proc/keys
tmpfs                    65536         0     65536   0% /proc/timer_list
tmpfs                    65536         0     65536   0% /proc/sched_debug
tmpfs                  6140604         0   6140604   0% /sys/firmware
        &amp#27;[32m✔ Docker environment should have more than 2GB free disk space&amp#27;[0m
14:14:24.588 [main] DEBUG com.github.dockerjava.core.command.AbstrDockerCmd - Cmd: d9acd411178bcea1f81e2f5671f8c6bb6ef9508f5dcb4a256ab2282626ce9124,.,/dummy,com.github.dockerjava.core.exec.CopyArchiveFromContainerCmdExec@fba92d3
        &amp#27;[32m✔ File should be mountable&amp#27;[0m
14:14:24.914 [main] DEBUG com.github.dockerjava.core.command.AbstrDockerCmd - Cmd: ListImagesCmdImpl[imageNameFilter=<null>,showAll=false,filters=com.github.dockerjava.core.util.FiltersBuilder@0,execution=com.github.dockerjava.core.exec.ListImagesCmdExec@3f6b0be5]
14:14:24.942 [main] DEBUG 🐳 [apacheignite/ignite:2.5.0] - 
+ Profiler [Rule creation - prefetch image]
|---+ Profiler [Obtaining client]
    |-- Subtotal           [Obtaining client]     0.018 milliseconds.
|-- elapsed time       [Obtaining client]     0.018 milliseconds.
|-- elapsed time     [Check local images]    25.220 milliseconds.
|-- Total        [Rule creation - prefetch image]    25.889 milliseconds.

14:14:24.946 [main] DEBUG 🐳 [apacheignite/ignite:2.5.0] - Starting container: apacheignite/ignite:2.5.0
14:14:24.946 [main] DEBUG 🐳 [apacheignite/ignite:2.5.0] - Trying to start container: apacheignite/ignite:2.5.0
14:14:24.947 [main] DEBUG 🐳 [apacheignite/ignite:2.5.0] - Trying to start container: apacheignite/ignite:2.5.0 (attempt 1/1)
14:14:24.947 [main] DEBUG 🐳 [apacheignite/ignite:2.5.0] - Starting container: apacheignite/ignite:2.5.0
14:14:24.947 [main] INFO 🐳 [apacheignite/ignite:2.5.0] - Creating container for image: apacheignite/ignite:2.5.0
14:14:24.956 [main] DEBUG com.github.dockerjava.core.command.AbstrDockerCmd - Cmd: d8f32978-efc1-456f-afa0-24721effd211,<null>,<null>,{},true,<null>,<null>,<null>,{org.testcontainers=true, org.testcontainers.sessionId=d7384fd2-44a6-4c65-8af2-350d9420b5b9},com.github.dockerjava.core.exec.CreateNetworkCmdExec@290222c1
14:14:25.108 [main] DEBUG com.github.dockerjava.core.command.AbstrDockerCmd - Cmd: com.github.dockerjava.core.command.CreateContainerCmdImpl@49049a04[name=<null>,hostName=<null>,domainName=<null>,user=<null>,attachStdin=<null>,attachStdout=<null>,attachStderr=<null>,portSpecs=<null>,tty=<null>,stdinOpen=<null>,stdInOnce=<null>,env={},cmd={},entrypoint=<null>,image=apacheignite/ignite:2.5.0,volumes=com.github.dockerjava.api.model.Volumes@71a8adcf,workingDir=<null>,macAddress=<null>,networkDisabled=<null>,exposedPorts=com.github.dockerjava.api.model.ExposedPorts@27462a88,stopSignal=<null>,hostConfig=com.github.dockerjava.api.model.HostConfig@82de64a[binds=com.github.dockerjava.api.model.Binds@659499f1,blkioWeight=<null>,blkioWeightDevice=<null>,blkioDeviceReadBps=<null>,blkioDeviceReadIOps=<null>,blkioDeviceWriteBps=<null>,blkioDeviceWriteIOps=<null>,memorySwappiness=<null>,capAdd=<null>,capDrop=<null>,containerIDFile=<null>,cpuPeriod=<null>,cpuShares=<null>,cpuQuota=<null>,cpusetCpus=<null>,cpusetMems=<null>,devices=<null>,dns=<null>,dnsSearch=<null>,extraHosts={},links=com.github.dockerjava.api.model.Links@51e69659,logConfig=<null>,lxcConf=<null>,memory=<null>,memorySwap=<null>,memoryReservation=<null>,kernelMemory=<null>,networkMode=7e0e0fbb527e7e21b9aecb30bda7cb35d04aafc076f733a787854de2f45e3d05,oomKillDisable=<null>,oomScoreAdj=<null>,portBindings={},privileged=<null>,publishAllPorts=true,readonlyRootfs=<null>,restartPolicy=<null>,ulimits=<null>,volumesFrom={},pidMode=<null>,securityOpts=<null>,cgroupParent=<null>,volumeDriver=<null>,shmSize=<null>,pidsLimit=<null>,runtime=<null>,tmpFs=<null>],labels={org.testcontainers=true, org.testcontainers.sessionId=d7384fd2-44a6-4c65-8af2-350d9420b5b9},networkingConfig=com.github.dockerjava.core.command.CreateContainerCmdImpl$NetworkingConfig@201a4587,ipv4Address=<null>,ipv6Address=<null>,aliases=[tc-ZC7rf4Ni, ignite],authConfig=<null>,execution=com.github.dockerjava.core.exec.CreateContainerCmdExec@61001b64]
14:14:25.247 [main] INFO 🐳 [apacheignite/ignite:2.5.0] - Starting container with ID: da6ec2471c34496aeedce0407c7021ebf031dd5362a295c0f48368e7a7b0798e
14:14:25.247 [main] DEBUG com.github.dockerjava.core.command.AbstrDockerCmd - Cmd: da6ec2471c34496aeedce0407c7021ebf031dd5362a295c0f48368e7a7b0798e,com.github.dockerjava.core.exec.StartContainerCmdExec@4b8ee4de
14:14:26.018 [main] INFO 🐳 [apacheignite/ignite:2.5.0] - Container apacheignite/ignite:2.5.0 is starting: da6ec2471c34496aeedce0407c7021ebf031dd5362a295c0f48368e7a7b0798e
14:14:26.019 [main] DEBUG com.github.dockerjava.core.command.AbstrDockerCmd - Cmd: da6ec2471c34496aeedce0407c7021ebf031dd5362a295c0f48368e7a7b0798e,false,com.github.dockerjava.core.exec.InspectContainerCmdExec@2dc54ad4
14:14:26.019 [main] DEBUG com.github.dockerjava.core.exec.InspectContainerCmdExec - GET: com.github.dockerjava.netty.NettyWebTarget@71496a1a
14:14:26.027 [ducttape-0] DEBUG com.github.dockerjava.core.command.AbstrDockerCmd - Cmd: da6ec2471c34496aeedce0407c7021ebf031dd5362a295c0f48368e7a7b0798e,false,com.github.dockerjava.core.exec.InspectContainerCmdExec@24d6506d
14:14:26.027 [ducttape-0] DEBUG com.github.dockerjava.core.exec.InspectContainerCmdExec - GET: com.github.dockerjava.netty.NettyWebTarget@71496a1a
14:14:26.043 [ducttape-0] DEBUG org.testcontainers.containers.ExecInContainerPattern - /tender_ardinghelli: Running "exec" command: /bin/sh -c cat /proc/net/tcp{,6} | awk '{print $2}' | grep -i :2a30 && echo TESTCONTAINERS_SUCCESS
14:14:26.043 [ducttape-0] DEBUG com.github.dockerjava.core.command.AbstrDockerCmd - Cmd: da6ec2471c34496aeedce0407c7021ebf031dd5362a295c0f48368e7a7b0798e,<null>,true,true,<null>,<null>,{/bin/sh,-c,cat /proc/net/tcp{,6} | awk '{print $2}' | grep -i :2a30 && echo TESTCONTAINERS_SUCCESS},com.github.dockerjava.core.exec.ExecCreateCmdExec@78d94c45
14:14:26.167 [ducttape-0] DEBUG org.testcontainers.containers.ExecInContainerPattern - /tender_ardinghelli: Running "exec" command: /bin/sh -c nc -vz -w 1 localhost 10800 && echo TESTCONTAINERS_SUCCESS
14:14:26.168 [ducttape-0] DEBUG com.github.dockerjava.core.command.AbstrDockerCmd - Cmd: da6ec2471c34496aeedce0407c7021ebf031dd5362a295c0f48368e7a7b0798e,<null>,true,true,<null>,<null>,{/bin/sh,-c,nc -vz -w 1 localhost 10800 && echo TESTCONTAINERS_SUCCESS},com.github.dockerjava.core.exec.ExecCreateCmdExec@4cf62259
14:14:26.300 [ducttape-0] DEBUG org.testcontainers.containers.ExecInContainerPattern - /tender_ardinghelli: Running "exec" command: /bin/bash -c </dev/tcp/localhost/10800 && echo TESTCONTAINERS_SUCCESS
14:14:26.300 [ducttape-0] DEBUG com.github.dockerjava.core.command.AbstrDockerCmd - Cmd: da6ec2471c34496aeedce0407c7021ebf031dd5362a295c0f48368e7a7b0798e,<null>,true,true,<null>,<null>,{/bin/bash,-c,</dev/tcp/localhost/10800 && echo TESTCONTAINERS_SUCCESS},com.github.dockerjava.core.exec.ExecCreateCmdExec@eb205f4
14:14:27.482 [ducttape-0] DEBUG org.testcontainers.containers.ExecInContainerPattern - /tender_ardinghelli: Running "exec" command: /bin/sh -c cat /proc/net/tcp{,6} | awk '{print $2}' | grep -i :2a30 && echo TESTCONTAINERS_SUCCESS
14:14:27.482 [ducttape-0] DEBUG com.github.dockerjava.core.command.AbstrDockerCmd - Cmd: da6ec2471c34496aeedce0407c7021ebf031dd5362a295c0f48368e7a7b0798e,<null>,true,true,<null>,<null>,{/bin/sh,-c,cat /proc/net/tcp{,6} | awk '{print $2}' | grep -i :2a30 && echo TESTCONTAINERS_SUCCESS},com.github.dockerjava.core.exec.ExecCreateCmdExec@13437b6d
14:14:27.598 [ducttape-0] DEBUG org.testcontainers.containers.ExecInContainerPattern - /tender_ardinghelli: Running "exec" command: /bin/sh -c nc -vz -w 1 localhost 10800 && echo TESTCONTAINERS_SUCCESS
14:14:27.598 [ducttape-0] DEBUG com.github.dockerjava.core.command.AbstrDockerCmd - Cmd: da6ec2471c34496aeedce0407c7021ebf031dd5362a295c0f48368e7a7b0798e,<null>,true,true,<null>,<null>,{/bin/sh,-c,nc -vz -w 1 localhost 10800 && echo TESTCONTAINERS_SUCCESS},com.github.dockerjava.core.exec.ExecCreateCmdExec@5bf81034
14:14:27.778 [ducttape-0] DEBUG org.testcontainers.containers.ExecInContainerPattern - /tender_ardinghelli: Running "exec" command: /bin/bash -c </dev/tcp/localhost/10800 && echo TESTCONTAINERS_SUCCESS
14:14:27.778 [ducttape-0] DEBUG com.github.dockerjava.core.command.AbstrDockerCmd - Cmd: da6ec2471c34496aeedce0407c7021ebf031dd5362a295c0f48368e7a7b0798e,<null>,true,true,<null>,<null>,{/bin/bash,-c,</dev/tcp/localhost/10800 && echo TESTCONTAINERS_SUCCESS},com.github.dockerjava.core.exec.ExecCreateCmdExec@6e4f46bb
14:14:28.914 [ducttape-0] DEBUG org.testcontainers.containers.ExecInContainerPattern - /tender_ardinghelli: Running "exec" command: /bin/sh -c cat /proc/net/tcp{,6} | awk '{print $2}' | grep -i :2a30 && echo TESTCONTAINERS_SUCCESS
14:14:28.915 [ducttape-0] DEBUG com.github.dockerjava.core.command.AbstrDockerCmd - Cmd: da6ec2471c34496aeedce0407c7021ebf031dd5362a295c0f48368e7a7b0798e,<null>,true,true,<null>,<null>,{/bin/sh,-c,cat /proc/net/tcp{,6} | awk '{print $2}' | grep -i :2a30 && echo TESTCONTAINERS_SUCCESS},com.github.dockerjava.core.exec.ExecCreateCmdExec@69cc1109
14:14:29.029 [ducttape-0] DEBUG org.testcontainers.containers.ExecInContainerPattern - /tender_ardinghelli: Running "exec" command: /bin/sh -c nc -vz -w 1 localhost 10800 && echo TESTCONTAINERS_SUCCESS
14:14:29.029 [ducttape-0] DEBUG com.github.dockerjava.core.command.AbstrDockerCmd - Cmd: da6ec2471c34496aeedce0407c7021ebf031dd5362a295c0f48368e7a7b0798e,<null>,true,true,<null>,<null>,{/bin/sh,-c,nc -vz -w 1 localhost 10800 && echo TESTCONTAINERS_SUCCESS},com.github.dockerjava.core.exec.ExecCreateCmdExec@656d809a
14:14:29.195 [ducttape-0] DEBUG org.testcontainers.containers.ExecInContainerPattern - /tender_ardinghelli: Running "exec" command: /bin/bash -c </dev/tcp/localhost/10800 && echo TESTCONTAINERS_SUCCESS
14:14:29.195 [ducttape-0] DEBUG com.github.dockerjava.core.command.AbstrDockerCmd - Cmd: da6ec2471c34496aeedce0407c7021ebf031dd5362a295c0f48368e7a7b0798e,<null>,true,true,<null>,<null>,{/bin/bash,-c,</dev/tcp/localhost/10800 && echo TESTCONTAINERS_SUCCESS},com.github.dockerjava.core.exec.ExecCreateCmdExec@683c9387
14:14:30.360 [ducttape-0] DEBUG org.testcontainers.containers.ExecInContainerPattern - /tender_ardinghelli: Running "exec" command: /bin/sh -c cat /proc/net/tcp{,6} | awk '{print $2}' | grep -i :2a30 && echo TESTCONTAINERS_SUCCESS
14:14:30.360 [ducttape-0] DEBUG com.github.dockerjava.core.command.AbstrDockerCmd - Cmd: da6ec2471c34496aeedce0407c7021ebf031dd5362a295c0f48368e7a7b0798e,<null>,true,true,<null>,<null>,{/bin/sh,-c,cat /proc/net/tcp{,6} | awk '{print $2}' | grep -i :2a30 && echo TESTCONTAINERS_SUCCESS},com.github.dockerjava.core.exec.ExecCreateCmdExec@b616207
14:14:30.475 [ducttape-0] DEBUG org.testcontainers.containers.ExecInContainerPattern - /tender_ardinghelli: Running "exec" command: /bin/sh -c nc -vz -w 1 localhost 10800 && echo TESTCONTAINERS_SUCCESS
14:14:30.477 [ducttape-0] DEBUG com.github.dockerjava.core.command.AbstrDockerCmd - Cmd: da6ec2471c34496aeedce0407c7021ebf031dd5362a295c0f48368e7a7b0798e,<null>,true,true,<null>,<null>,{/bin/sh,-c,nc -vz -w 1 localhost 10800 && echo TESTCONTAINERS_SUCCESS},com.github.dockerjava.core.exec.ExecCreateCmdExec@6ac65829
14:14:30.629 [main] INFO 🐳 [apacheignite/ignite:2.5.0] - Container apacheignite/ignite:2.5.0 started
14:14:30.630 [main] DEBUG 🐳 [apacheignite/ignite:2.5.0] - 
+ Profiler [Container startup]
|-- elapsed time [Prepare container configuration and host configuration]     0.733 milliseconds.
|---+ Profiler [Container startup attempt]
    |-- elapsed time       [Create container]   300.229 milliseconds.
    |-- elapsed time        [Start container]   771.565 milliseconds.
    |-- elapsed time   [Inspecting container]     7.080 milliseconds.
    |-- elapsed time [Call containerIsStarting on subclasses]     0.008 milliseconds.
    |-- elapsed time [Wait until container has started properly, or there's evidence it failed to start.]    10.471 milliseconds.
    |-- elapsed time [Wait until container started properly]  4593.421 milliseconds.
    |-- Subtotal     [Container startup attempt]  5682.884 milliseconds.
|-- elapsed time [Container startup attempt]  5682.884 milliseconds.
|-- Total             [Container startup]  5683.643 milliseconds.

14:14:33.244 [main] DEBUG 🐳 [test-rest:latest] - 
+ Profiler [Rule creation - prefetch image]
|---+ Profiler [Obtaining client]
    |-- Subtotal           [Obtaining client]     2.034 microseconds.
|-- elapsed time       [Obtaining client]     2.034 microseconds.
|-- elapsed time     [Check local images]    10.669 microseconds.
|-- Total        [Rule creation - prefetch image]    40.536 microseconds.

14:14:33.245 [main] DEBUG 🐳 [test-rest:latest] - Starting container: test-rest:latest
14:14:33.245 [main] DEBUG 🐳 [test-rest:latest] - Trying to start container: test-rest:latest
14:14:33.245 [main] DEBUG 🐳 [test-rest:latest] - Trying to start container: test-rest:latest (attempt 1/1)
14:14:33.245 [main] DEBUG 🐳 [test-rest:latest] - Starting container: test-rest:latest
14:14:33.245 [main] INFO 🐳 [test-rest:latest] - Creating container for image: test-rest:latest
14:14:33.246 [main] DEBUG com.github.dockerjava.core.command.AbstrDockerCmd - Cmd: com.github.dockerjava.core.command.CreateContainerCmdImpl@44a59da3[name=<null>,hostName=<null>,domainName=<null>,user=<null>,attachStdin=<null>,attachStdout=<null>,attachStderr=<null>,portSpecs=<null>,tty=<null>,stdinOpen=<null>,stdInOnce=<null>,env={cache.addresses=ignite:10800},cmd={},entrypoint=<null>,image=test-rest:latest,volumes=com.github.dockerjava.api.model.Volumes@27e47833,workingDir=<null>,macAddress=<null>,networkDisabled=<null>,exposedPorts=com.github.dockerjava.api.model.ExposedPorts@6f6745d6,stopSignal=<null>,hostConfig=com.github.dockerjava.api.model.HostConfig@27508c5d[binds=com.github.dockerjava.api.model.Binds@4f704591,blkioWeight=<null>,blkioWeightDevice=<null>,blkioDeviceReadBps=<null>,blkioDeviceReadIOps=<null>,blkioDeviceWriteBps=<null>,blkioDeviceWriteIOps=<null>,memorySwappiness=<null>,capAdd=<null>,capDrop=<null>,containerIDFile=<null>,cpuPeriod=<null>,cpuShares=<null>,cpuQuota=<null>,cpusetCpus=<null>,cpusetMems=<null>,devices=<null>,dns=<null>,dnsSearch=<null>,extraHosts={},links=com.github.dockerjava.api.model.Links@4b5189ac,logConfig=<null>,lxcConf=<null>,memory=<null>,memorySwap=<null>,memoryReservation=<null>,kernelMemory=<null>,networkMode=7e0e0fbb527e7e21b9aecb30bda7cb35d04aafc076f733a787854de2f45e3d05,oomKillDisable=<null>,oomScoreAdj=<null>,portBindings={},privileged=<null>,publishAllPorts=true,readonlyRootfs=<null>,restartPolicy=<null>,ulimits=<null>,volumesFrom={},pidMode=<null>,securityOpts=<null>,cgroupParent=<null>,volumeDriver=<null>,shmSize=<null>,pidsLimit=<null>,runtime=<null>,tmpFs=<null>],labels={org.testcontainers=true, org.testcontainers.sessionId=d7384fd2-44a6-4c65-8af2-350d9420b5b9},networkingConfig=com.github.dockerjava.core.command.CreateContainerCmdImpl$NetworkingConfig@3ddc6915,ipv4Address=<null>,ipv6Address=<null>,aliases=[tc-yAV4r9W7],authConfig=<null>,execution=com.github.dockerjava.core.exec.CreateContainerCmdExec@704deff2]
14:14:33.416 [main] INFO 🐳 [test-rest:latest] - Starting container with ID: 58f9e6fd114c76c58290e718ea169d31a025b24a9cc0b46bd04b5e1c5bf0843b
14:14:33.416 [main] DEBUG com.github.dockerjava.core.command.AbstrDockerCmd - Cmd: 58f9e6fd114c76c58290e718ea169d31a025b24a9cc0b46bd04b5e1c5bf0843b,com.github.dockerjava.core.exec.StartContainerCmdExec@6986852
14:14:34.022 [main] INFO 🐳 [test-rest:latest] - Container test-rest:latest is starting: 58f9e6fd114c76c58290e718ea169d31a025b24a9cc0b46bd04b5e1c5bf0843b
14:14:34.022 [main] DEBUG com.github.dockerjava.core.command.AbstrDockerCmd - Cmd: 58f9e6fd114c76c58290e718ea169d31a025b24a9cc0b46bd04b5e1c5bf0843b,false,com.github.dockerjava.core.exec.InspectContainerCmdExec@1bab8268
14:14:34.022 [main] DEBUG com.github.dockerjava.core.exec.InspectContainerCmdExec - GET: com.github.dockerjava.netty.NettyWebTarget@bbdc3a93
14:14:34.030 [ducttape-0] DEBUG com.github.dockerjava.core.command.AbstrDockerCmd - Cmd: 58f9e6fd114c76c58290e718ea169d31a025b24a9cc0b46bd04b5e1c5bf0843b,false,com.github.dockerjava.core.exec.InspectContainerCmdExec@6213bbcf
14:14:34.030 [ducttape-0] DEBUG com.github.dockerjava.core.exec.InspectContainerCmdExec - GET: com.github.dockerjava.netty.NettyWebTarget@bbdc3a93
14:14:34.037 [ducttape-0] DEBUG org.testcontainers.containers.ExecInContainerPattern - /amazing_clarke: Running "exec" command: /bin/sh -c cat /proc/net/tcp{,6} | awk '{print $2}' | grep -i :2382 && echo TESTCONTAINERS_SUCCESS
14:14:34.037 [ducttape-0] DEBUG com.github.dockerjava.core.command.AbstrDockerCmd - Cmd: 58f9e6fd114c76c58290e718ea169d31a025b24a9cc0b46bd04b5e1c5bf0843b,<null>,true,true,<null>,<null>,{/bin/sh,-c,cat /proc/net/tcp{,6} | awk '{print $2}' | grep -i :2382 && echo TESTCONTAINERS_SUCCESS},com.github.dockerjava.core.exec.ExecCreateCmdExec@56428bcb
14:14:34.162 [ducttape-0] DEBUG org.testcontainers.containers.ExecInContainerPattern - /amazing_clarke: Running "exec" command: /bin/sh -c nc -vz -w 1 localhost 9090 && echo TESTCONTAINERS_SUCCESS
14:14:34.162 [ducttape-0] DEBUG com.github.dockerjava.core.command.AbstrDockerCmd - Cmd: 58f9e6fd114c76c58290e718ea169d31a025b24a9cc0b46bd04b5e1c5bf0843b,<null>,true,true,<null>,<null>,{/bin/sh,-c,nc -vz -w 1 localhost 9090 && echo TESTCONTAINERS_SUCCESS},com.github.dockerjava.core.exec.ExecCreateCmdExec@712f99f5
14:14:34.342 [ducttape-0] DEBUG org.testcontainers.containers.ExecInContainerPattern - /amazing_clarke: Running "exec" command: /bin/bash -c </dev/tcp/localhost/9090 && echo TESTCONTAINERS_SUCCESS
14:14:34.342 [ducttape-0] DEBUG com.github.dockerjava.core.command.AbstrDockerCmd - Cmd: 58f9e6fd114c76c58290e718ea169d31a025b24a9cc0b46bd04b5e1c5bf0843b,<null>,true,true,<null>,<null>,{/bin/bash,-c,</dev/tcp/localhost/9090 && echo TESTCONTAINERS_SUCCESS},com.github.dockerjava.core.exec.ExecCreateCmdExec@4503c0ff
14:14:35.525 [ducttape-0] DEBUG org.testcontainers.containers.ExecInContainerPattern - /amazing_clarke: Running "exec" command: /bin/sh -c cat /proc/net/tcp{,6} | awk '{print $2}' | grep -i :2382 && echo TESTCONTAINERS_SUCCESS
14:14:35.525 [ducttape-0] DEBUG com.github.dockerjava.core.command.AbstrDockerCmd - Cmd: 58f9e6fd114c76c58290e718ea169d31a025b24a9cc0b46bd04b5e1c5bf0843b,<null>,true,true,<null>,<null>,{/bin/sh,-c,cat /proc/net/tcp{,6} | awk '{print $2}' | grep -i :2382 && echo TESTCONTAINERS_SUCCESS},com.github.dockerjava.core.exec.ExecCreateCmdExec@2aa0671e
14:14:35.659 [ducttape-0] DEBUG org.testcontainers.containers.ExecInContainerPattern - /amazing_clarke: Running "exec" command: /bin/sh -c nc -vz -w 1 localhost 9090 && echo TESTCONTAINERS_SUCCESS
14:14:35.659 [ducttape-0] DEBUG com.github.dockerjava.core.command.AbstrDockerCmd - Cmd: 58f9e6fd114c76c58290e718ea169d31a025b24a9cc0b46bd04b5e1c5bf0843b,<null>,true,true,<null>,<null>,{/bin/sh,-c,nc -vz -w 1 localhost 9090 && echo TESTCONTAINERS_SUCCESS},com.github.dockerjava.core.exec.ExecCreateCmdExec@7d927c11
14:14:35.893 [ducttape-0] DEBUG org.testcontainers.containers.ExecInContainerPattern - /amazing_clarke: Running "exec" command: /bin/bash -c </dev/tcp/localhost/9090 && echo TESTCONTAINERS_SUCCESS
14:14:35.894 [ducttape-0] DEBUG com.github.dockerjava.core.command.AbstrDockerCmd - Cmd: 58f9e6fd114c76c58290e718ea169d31a025b24a9cc0b46bd04b5e1c5bf0843b,<null>,true,true,<null>,<null>,{/bin/bash,-c,</dev/tcp/localhost/9090 && echo TESTCONTAINERS_SUCCESS},com.github.dockerjava.core.exec.ExecCreateCmdExec@5fcce608
14:14:37.072 [ducttape-0] DEBUG org.testcontainers.containers.ExecInContainerPattern - /amazing_clarke: Running "exec" command: /bin/sh -c cat /proc/net/tcp{,6} | awk '{print $2}' | grep -i :2382 && echo TESTCONTAINERS_SUCCESS
14:14:37.072 [ducttape-0] DEBUG com.github.dockerjava.core.command.AbstrDockerCmd - Cmd: 58f9e6fd114c76c58290e718ea169d31a025b24a9cc0b46bd04b5e1c5bf0843b,<null>,true,true,<null>,<null>,{/bin/sh,-c,cat /proc/net/tcp{,6} | awk '{print $2}' | grep -i :2382 && echo TESTCONTAINERS_SUCCESS},com.github.dockerjava.core.exec.ExecCreateCmdExec@7ef41b1c
14:14:37.209 [ducttape-0] DEBUG org.testcontainers.containers.ExecInContainerPattern - /amazing_clarke: Running "exec" command: /bin/sh -c nc -vz -w 1 localhost 9090 && echo TESTCONTAINERS_SUCCESS
14:14:37.209 [ducttape-0] DEBUG com.github.dockerjava.core.command.AbstrDockerCmd - Cmd: 58f9e6fd114c76c58290e718ea169d31a025b24a9cc0b46bd04b5e1c5bf0843b,<null>,true,true,<null>,<null>,{/bin/sh,-c,nc -vz -w 1 localhost 9090 && echo TESTCONTAINERS_SUCCESS},com.github.dockerjava.core.exec.ExecCreateCmdExec@625af729
14:14:37.361 [ducttape-0] DEBUG org.testcontainers.containers.ExecInContainerPattern - /amazing_clarke: Running "exec" command: /bin/bash -c </dev/tcp/localhost/9090 && echo TESTCONTAINERS_SUCCESS
14:14:37.361 [ducttape-0] DEBUG com.github.dockerjava.core.command.AbstrDockerCmd - Cmd: 58f9e6fd114c76c58290e718ea169d31a025b24a9cc0b46bd04b5e1c5bf0843b,<null>,true,true,<null>,<null>,{/bin/bash,-c,</dev/tcp/localhost/9090 && echo TESTCONTAINERS_SUCCESS},com.github.dockerjava.core.exec.ExecCreateCmdExec@686b020d
14:14:38.569 [ducttape-0] DEBUG org.testcontainers.containers.ExecInContainerPattern - /amazing_clarke: Running "exec" command: /bin/sh -c cat /proc/net/tcp{,6} | awk '{print $2}' | grep -i :2382 && echo TESTCONTAINERS_SUCCESS
14:14:38.569 [ducttape-0] DEBUG com.github.dockerjava.core.command.AbstrDockerCmd - Cmd: 58f9e6fd114c76c58290e718ea169d31a025b24a9cc0b46bd04b5e1c5bf0843b,<null>,true,true,<null>,<null>,{/bin/sh,-c,cat /proc/net/tcp{,6} | awk '{print $2}' | grep -i :2382 && echo TESTCONTAINERS_SUCCESS},com.github.dockerjava.core.exec.ExecCreateCmdExec@723ae529
14:14:38.696 [ducttape-0] DEBUG org.testcontainers.containers.ExecInContainerPattern - /amazing_clarke: Running "exec" command: /bin/sh -c nc -vz -w 1 localhost 9090 && echo TESTCONTAINERS_SUCCESS
14:14:38.696 [ducttape-0] DEBUG com.github.dockerjava.core.command.AbstrDockerCmd - Cmd: 58f9e6fd114c76c58290e718ea169d31a025b24a9cc0b46bd04b5e1c5bf0843b,<null>,true,true,<null>,<null>,{/bin/sh,-c,nc -vz -w 1 localhost 9090 && echo TESTCONTAINERS_SUCCESS},com.github.dockerjava.core.exec.ExecCreateCmdExec@3a09f0f3
14:14:38.886 [ducttape-0] DEBUG org.testcontainers.containers.ExecInContainerPattern - /amazing_clarke: Running "exec" command: /bin/bash -c </dev/tcp/localhost/9090 && echo TESTCONTAINERS_SUCCESS
14:14:38.886 [ducttape-0] DEBUG com.github.dockerjava.core.command.AbstrDockerCmd - Cmd: 58f9e6fd114c76c58290e718ea169d31a025b24a9cc0b46bd04b5e1c5bf0843b,<null>,true,true,<null>,<null>,{/bin/bash,-c,</dev/tcp/localhost/9090 && echo TESTCONTAINERS_SUCCESS},com.github.dockerjava.core.exec.ExecCreateCmdExec@3d7b0dcc
14:14:40.092 [ducttape-0] DEBUG org.testcontainers.containers.ExecInContainerPattern - /amazing_clarke: Running "exec" command: /bin/sh -c cat /proc/net/tcp{,6} | awk '{print $2}' | grep -i :2382 && echo TESTCONTAINERS_SUCCESS
14:14:40.092 [ducttape-0] DEBUG com.github.dockerjava.core.command.AbstrDockerCmd - Cmd: 58f9e6fd114c76c58290e718ea169d31a025b24a9cc0b46bd04b5e1c5bf0843b,<null>,true,true,<null>,<null>,{/bin/sh,-c,cat /proc/net/tcp{,6} | awk '{print $2}' | grep -i :2382 && echo TESTCONTAINERS_SUCCESS},com.github.dockerjava.core.exec.ExecCreateCmdExec@55d9ac20
14:14:40.222 [ducttape-0] DEBUG org.testcontainers.containers.ExecInContainerPattern - /amazing_clarke: Running "exec" command: /bin/sh -c nc -vz -w 1 localhost 9090 && echo TESTCONTAINERS_SUCCESS
14:14:40.222 [ducttape-0] DEBUG com.github.dockerjava.core.command.AbstrDockerCmd - Cmd: 58f9e6fd114c76c58290e718ea169d31a025b24a9cc0b46bd04b5e1c5bf0843b,<null>,true,true,<null>,<null>,{/bin/sh,-c,nc -vz -w 1 localhost 9090 && echo TESTCONTAINERS_SUCCESS},com.github.dockerjava.core.exec.ExecCreateCmdExec@45132ddf
14:14:40.436 [ducttape-0] DEBUG org.testcontainers.containers.ExecInContainerPattern - /amazing_clarke: Running "exec" command: /bin/bash -c </dev/tcp/localhost/9090 && echo TESTCONTAINERS_SUCCESS
14:14:40.436 [ducttape-0] DEBUG com.github.dockerjava.core.command.AbstrDockerCmd - Cmd: 58f9e6fd114c76c58290e718ea169d31a025b24a9cc0b46bd04b5e1c5bf0843b,<null>,true,true,<null>,<null>,{/bin/bash,-c,</dev/tcp/localhost/9090 && echo TESTCONTAINERS_SUCCESS},com.github.dockerjava.core.exec.ExecCreateCmdExec@6fd65e06
14:14:41.606 [ducttape-0] DEBUG org.testcontainers.containers.ExecInContainerPattern - /amazing_clarke: Running "exec" command: /bin/sh -c cat /proc/net/tcp{,6} | awk '{print $2}' | grep -i :2382 && echo TESTCONTAINERS_SUCCESS
14:14:41.606 [ducttape-0] DEBUG com.github.dockerjava.core.command.AbstrDockerCmd - Cmd: 58f9e6fd114c76c58290e718ea169d31a025b24a9cc0b46bd04b5e1c5bf0843b,<null>,true,true,<null>,<null>,{/bin/sh,-c,cat /proc/net/tcp{,6} | awk '{print $2}' | grep -i :2382 && echo TESTCONTAINERS_SUCCESS},com.github.dockerjava.core.exec.ExecCreateCmdExec@9a5d8e5
14:14:41.771 [ducttape-0] DEBUG org.testcontainers.containers.ExecInContainerPattern - /amazing_clarke: Running "exec" command: /bin/sh -c nc -vz -w 1 localhost 9090 && echo TESTCONTAINERS_SUCCESS
14:14:41.771 [ducttape-0] DEBUG com.github.dockerjava.core.command.AbstrDockerCmd - Cmd: 58f9e6fd114c76c58290e718ea169d31a025b24a9cc0b46bd04b5e1c5bf0843b,<null>,true,true,<null>,<null>,{/bin/sh,-c,nc -vz -w 1 localhost 9090 && echo TESTCONTAINERS_SUCCESS},com.github.dockerjava.core.exec.ExecCreateCmdExec@114e392f
14:14:41.947 [ducttape-0] DEBUG org.testcontainers.containers.ExecInContainerPattern - /amazing_clarke: Running "exec" command: /bin/bash -c </dev/tcp/localhost/9090 && echo TESTCONTAINERS_SUCCESS
14:14:41.947 [ducttape-0] DEBUG com.github.dockerjava.core.command.AbstrDockerCmd - Cmd: 58f9e6fd114c76c58290e718ea169d31a025b24a9cc0b46bd04b5e1c5bf0843b,<null>,true,true,<null>,<null>,{/bin/bash,-c,</dev/tcp/localhost/9090 && echo TESTCONTAINERS_SUCCESS},com.github.dockerjava.core.exec.ExecCreateCmdExec@40abf1b3
14:14:43.218 [ducttape-0] DEBUG org.testcontainers.containers.ExecInContainerPattern - /amazing_clarke: Running "exec" command: /bin/sh -c cat /proc/net/tcp{,6} | awk '{print $2}' | grep -i :2382 && echo TESTCONTAINERS_SUCCESS
14:14:43.219 [ducttape-0] DEBUG com.github.dockerjava.core.command.AbstrDockerCmd - Cmd: 58f9e6fd114c76c58290e718ea169d31a025b24a9cc0b46bd04b5e1c5bf0843b,<null>,true,true,<null>,<null>,{/bin/sh,-c,cat /proc/net/tcp{,6} | awk '{print $2}' | grep -i :2382 && echo TESTCONTAINERS_SUCCESS},com.github.dockerjava.core.exec.ExecCreateCmdExec@4758a88e
14:14:43.333 [ducttape-0] DEBUG org.testcontainers.containers.ExecInContainerPattern - /amazing_clarke: Running "exec" command: /bin/sh -c nc -vz -w 1 localhost 9090 && echo TESTCONTAINERS_SUCCESS
14:14:43.333 [ducttape-0] DEBUG com.github.dockerjava.core.command.AbstrDockerCmd - Cmd: 58f9e6fd114c76c58290e718ea169d31a025b24a9cc0b46bd04b5e1c5bf0843b,<null>,true,true,<null>,<null>,{/bin/sh,-c,nc -vz -w 1 localhost 9090 && echo TESTCONTAINERS_SUCCESS},com.github.dockerjava.core.exec.ExecCreateCmdExec@4c614638
14:14:43.472 [ducttape-0] DEBUG org.testcontainers.containers.ExecInContainerPattern - /amazing_clarke: Running "exec" command: /bin/bash -c </dev/tcp/localhost/9090 && echo TESTCONTAINERS_SUCCESS
14:14:43.472 [ducttape-0] DEBUG com.github.dockerjava.core.command.AbstrDockerCmd - Cmd: 58f9e6fd114c76c58290e718ea169d31a025b24a9cc0b46bd04b5e1c5bf0843b,<null>,true,true,<null>,<null>,{/bin/bash,-c,</dev/tcp/localhost/9090 && echo TESTCONTAINERS_SUCCESS},com.github.dockerjava.core.exec.ExecCreateCmdExec@12cca42d
14:14:44.604 [ducttape-0] DEBUG org.testcontainers.containers.ExecInContainerPattern - /amazing_clarke: Running "exec" command: /bin/sh -c cat /proc/net/tcp{,6} | awk '{print $2}' | grep -i :2382 && echo TESTCONTAINERS_SUCCESS
14:14:44.604 [ducttape-0] DEBUG com.github.dockerjava.core.command.AbstrDockerCmd - Cmd: 58f9e6fd114c76c58290e718ea169d31a025b24a9cc0b46bd04b5e1c5bf0843b,<null>,true,true,<null>,<null>,{/bin/sh,-c,cat /proc/net/tcp{,6} | awk '{print $2}' | grep -i :2382 && echo TESTCONTAINERS_SUCCESS},com.github.dockerjava.core.exec.ExecCreateCmdExec@478defbb
14:14:44.716 [ducttape-0] DEBUG org.testcontainers.containers.ExecInContainerPattern - /amazing_clarke: Running "exec" command: /bin/sh -c nc -vz -w 1 localhost 9090 && echo TESTCONTAINERS_SUCCESS
14:14:44.716 [ducttape-0] DEBUG com.github.dockerjava.core.command.AbstrDockerCmd - Cmd: 58f9e6fd114c76c58290e718ea169d31a025b24a9cc0b46bd04b5e1c5bf0843b,<null>,true,true,<null>,<null>,{/bin/sh,-c,nc -vz -w 1 localhost 9090 && echo TESTCONTAINERS_SUCCESS},com.github.dockerjava.core.exec.ExecCreateCmdExec@33d5f5a9
14:14:44.855 [ducttape-0] DEBUG org.testcontainers.containers.ExecInContainerPattern - /amazing_clarke: Running "exec" command: /bin/bash -c </dev/tcp/localhost/9090 && echo TESTCONTAINERS_SUCCESS
14:14:44.855 [ducttape-0] DEBUG com.github.dockerjava.core.command.AbstrDockerCmd - Cmd: 58f9e6fd114c76c58290e718ea169d31a025b24a9cc0b46bd04b5e1c5bf0843b,<null>,true,true,<null>,<null>,{/bin/bash,-c,</dev/tcp/localhost/9090 && echo TESTCONTAINERS_SUCCESS},com.github.dockerjava.core.exec.ExecCreateCmdExec@4387f28b
14:14:45.983 [ducttape-0] DEBUG org.testcontainers.containers.ExecInContainerPattern - /amazing_clarke: Running "exec" command: /bin/sh -c cat /proc/net/tcp{,6} | awk '{print $2}' | grep -i :2382 && echo TESTCONTAINERS_SUCCESS
14:14:45.983 [ducttape-0] DEBUG com.github.dockerjava.core.command.AbstrDockerCmd - Cmd: 58f9e6fd114c76c58290e718ea169d31a025b24a9cc0b46bd04b5e1c5bf0843b,<null>,true,true,<null>,<null>,{/bin/sh,-c,cat /proc/net/tcp{,6} | awk '{print $2}' | grep -i :2382 && echo TESTCONTAINERS_SUCCESS},com.github.dockerjava.core.exec.ExecCreateCmdExec@65f04dd8
14:14:46.110 [ducttape-0] DEBUG org.testcontainers.containers.ExecInContainerPattern - /amazing_clarke: Running "exec" command: /bin/sh -c nc -vz -w 1 localhost 9090 && echo TESTCONTAINERS_SUCCESS
14:14:46.111 [ducttape-0] DEBUG com.github.dockerjava.core.command.AbstrDockerCmd - Cmd: 58f9e6fd114c76c58290e718ea169d31a025b24a9cc0b46bd04b5e1c5bf0843b,<null>,true,true,<null>,<null>,{/bin/sh,-c,nc -vz -w 1 localhost 9090 && echo TESTCONTAINERS_SUCCESS},com.github.dockerjava.core.exec.ExecCreateCmdExec@b11a29c
14:14:46.240 [ducttape-0] DEBUG org.testcontainers.containers.ExecInContainerPattern - /amazing_clarke: Running "exec" command: /bin/bash -c </dev/tcp/localhost/9090 && echo TESTCONTAINERS_SUCCESS
14:14:46.241 [ducttape-0] DEBUG com.github.dockerjava.core.command.AbstrDockerCmd - Cmd: 58f9e6fd114c76c58290e718ea169d31a025b24a9cc0b46bd04b5e1c5bf0843b,<null>,true,true,<null>,<null>,{/bin/bash,-c,</dev/tcp/localhost/9090 && echo TESTCONTAINERS_SUCCESS},com.github.dockerjava.core.exec.ExecCreateCmdExec@319ef67e
14:14:47.377 [ducttape-0] DEBUG org.testcontainers.containers.ExecInContainerPattern - /amazing_clarke: Running "exec" command: /bin/sh -c cat /proc/net/tcp{,6} | awk '{print $2}' | grep -i :2382 && echo TESTCONTAINERS_SUCCESS
14:14:47.377 [ducttape-0] DEBUG com.github.dockerjava.core.command.AbstrDockerCmd - Cmd: 58f9e6fd114c76c58290e718ea169d31a025b24a9cc0b46bd04b5e1c5bf0843b,<null>,true,true,<null>,<null>,{/bin/sh,-c,cat /proc/net/tcp{,6} | awk '{print $2}' | grep -i :2382 && echo TESTCONTAINERS_SUCCESS},com.github.dockerjava.core.exec.ExecCreateCmdExec@304ef01d
14:14:47.487 [ducttape-0] DEBUG org.testcontainers.containers.ExecInContainerPattern - /amazing_clarke: Running "exec" command: /bin/sh -c nc -vz -w 1 localhost 9090 && echo TESTCONTAINERS_SUCCESS
14:14:47.487 [ducttape-0] DEBUG com.github.dockerjava.core.command.AbstrDockerCmd - Cmd: 58f9e6fd114c76c58290e718ea169d31a025b24a9cc0b46bd04b5e1c5bf0843b,<null>,true,true,<null>,<null>,{/bin/sh,-c,nc -vz -w 1 localhost 9090 && echo TESTCONTAINERS_SUCCESS},com.github.dockerjava.core.exec.ExecCreateCmdExec@1f5499eb
14:14:47.622 [ducttape-0] DEBUG org.testcontainers.containers.ExecInContainerPattern - /amazing_clarke: Running "exec" command: /bin/bash -c </dev/tcp/localhost/9090 && echo TESTCONTAINERS_SUCCESS
14:14:47.623 [ducttape-0] DEBUG com.github.dockerjava.core.command.AbstrDockerCmd - Cmd: 58f9e6fd114c76c58290e718ea169d31a025b24a9cc0b46bd04b5e1c5bf0843b,<null>,true,true,<null>,<null>,{/bin/bash,-c,</dev/tcp/localhost/9090 && echo TESTCONTAINERS_SUCCESS},com.github.dockerjava.core.exec.ExecCreateCmdExec@3c3e066
14:14:48.754 [ducttape-0] DEBUG org.testcontainers.containers.ExecInContainerPattern - /amazing_clarke: Running "exec" command: /bin/sh -c cat /proc/net/tcp{,6} | awk '{print $2}' | grep -i :2382 && echo TESTCONTAINERS_SUCCESS
14:14:48.754 [ducttape-0] DEBUG com.github.dockerjava.core.command.AbstrDockerCmd - Cmd: 58f9e6fd114c76c58290e718ea169d31a025b24a9cc0b46bd04b5e1c5bf0843b,<null>,true,true,<null>,<null>,{/bin/sh,-c,cat /proc/net/tcp{,6} | awk '{print $2}' | grep -i :2382 && echo TESTCONTAINERS_SUCCESS},com.github.dockerjava.core.exec.ExecCreateCmdExec@1cb545eb
14:14:48.862 [ducttape-0] DEBUG org.testcontainers.containers.ExecInContainerPattern - /amazing_clarke: Running "exec" command: /bin/sh -c nc -vz -w 1 localhost 9090 && echo TESTCONTAINERS_SUCCESS
14:14:48.862 [ducttape-0] DEBUG com.github.dockerjava.core.command.AbstrDockerCmd - Cmd: 58f9e6fd114c76c58290e718ea169d31a025b24a9cc0b46bd04b5e1c5bf0843b,<null>,true,true,<null>,<null>,{/bin/sh,-c,nc -vz -w 1 localhost 9090 && echo TESTCONTAINERS_SUCCESS},com.github.dockerjava.core.exec.ExecCreateCmdExec@15c184ec
14:14:48.997 [ducttape-0] DEBUG org.testcontainers.containers.ExecInContainerPattern - /amazing_clarke: Running "exec" command: /bin/bash -c </dev/tcp/localhost/9090 && echo TESTCONTAINERS_SUCCESS
14:14:48.997 [ducttape-0] DEBUG com.github.dockerjava.core.command.AbstrDockerCmd - Cmd: 58f9e6fd114c76c58290e718ea169d31a025b24a9cc0b46bd04b5e1c5bf0843b,<null>,true,true,<null>,<null>,{/bin/bash,-c,</dev/tcp/localhost/9090 && echo TESTCONTAINERS_SUCCESS},com.github.dockerjava.core.exec.ExecCreateCmdExec@2caeddd2
14:14:50.133 [ducttape-0] DEBUG org.testcontainers.containers.ExecInContainerPattern - /amazing_clarke: Running "exec" command: /bin/sh -c cat /proc/net/tcp{,6} | awk '{print $2}' | grep -i :2382 && echo TESTCONTAINERS_SUCCESS
14:14:50.133 [ducttape-0] DEBUG com.github.dockerjava.core.command.AbstrDockerCmd - Cmd: 58f9e6fd114c76c58290e718ea169d31a025b24a9cc0b46bd04b5e1c5bf0843b,<null>,true,true,<null>,<null>,{/bin/sh,-c,cat /proc/net/tcp{,6} | awk '{print $2}' | grep -i :2382 && echo TESTCONTAINERS_SUCCESS},com.github.dockerjava.core.exec.ExecCreateCmdExec@500228d4
14:14:50.266 [ducttape-0] DEBUG org.testcontainers.containers.ExecInContainerPattern - /amazing_clarke: Running "exec" command: /bin/sh -c nc -vz -w 1 localhost 9090 && echo TESTCONTAINERS_SUCCESS
14:14:50.266 [ducttape-0] DEBUG com.github.dockerjava.core.command.AbstrDockerCmd - Cmd: 58f9e6fd114c76c58290e718ea169d31a025b24a9cc0b46bd04b5e1c5bf0843b,<null>,true,true,<null>,<null>,{/bin/sh,-c,nc -vz -w 1 localhost 9090 && echo TESTCONTAINERS_SUCCESS},com.github.dockerjava.core.exec.ExecCreateCmdExec@2d994ce
14:14:50.406 [ducttape-0] DEBUG org.testcontainers.containers.ExecInContainerPattern - /amazing_clarke: Running "exec" command: /bin/bash -c </dev/tcp/localhost/9090 && echo TESTCONTAINERS_SUCCESS
14:14:50.406 [ducttape-0] DEBUG com.github.dockerjava.core.command.AbstrDockerCmd - Cmd: 58f9e6fd114c76c58290e718ea169d31a025b24a9cc0b46bd04b5e1c5bf0843b,<null>,true,true,<null>,<null>,{/bin/bash,-c,</dev/tcp/localhost/9090 && echo TESTCONTAINERS_SUCCESS},com.github.dockerjava.core.exec.ExecCreateCmdExec@639e95c2
14:14:51.529 [ducttape-0] DEBUG org.testcontainers.containers.ExecInContainerPattern - /amazing_clarke: Running "exec" command: /bin/sh -c cat /proc/net/tcp{,6} | awk '{print $2}' | grep -i :2382 && echo TESTCONTAINERS_SUCCESS
14:14:51.529 [ducttape-0] DEBUG com.github.dockerjava.core.command.AbstrDockerCmd - Cmd: 58f9e6fd114c76c58290e718ea169d31a025b24a9cc0b46bd04b5e1c5bf0843b,<null>,true,true,<null>,<null>,{/bin/sh,-c,cat /proc/net/tcp{,6} | awk '{print $2}' | grep -i :2382 && echo TESTCONTAINERS_SUCCESS},com.github.dockerjava.core.exec.ExecCreateCmdExec@69ba0d69
14:14:51.636 [ducttape-0] DEBUG org.testcontainers.containers.ExecInContainerPattern - /amazing_clarke: Running "exec" command: /bin/sh -c nc -vz -w 1 localhost 9090 && echo TESTCONTAINERS_SUCCESS
14:14:51.636 [ducttape-0] DEBUG com.github.dockerjava.core.command.AbstrDockerCmd - Cmd: 58f9e6fd114c76c58290e718ea169d31a025b24a9cc0b46bd04b5e1c5bf0843b,<null>,true,true,<null>,<null>,{/bin/sh,-c,nc -vz -w 1 localhost 9090 && echo TESTCONTAINERS_SUCCESS},com.github.dockerjava.core.exec.ExecCreateCmdExec@6106757
14:14:51.765 [ducttape-0] DEBUG org.testcontainers.containers.ExecInContainerPattern - /amazing_clarke: Running "exec" command: /bin/bash -c </dev/tcp/localhost/9090 && echo TESTCONTAINERS_SUCCESS
14:14:51.765 [ducttape-0] DEBUG com.github.dockerjava.core.command.AbstrDockerCmd - Cmd: 58f9e6fd114c76c58290e718ea169d31a025b24a9cc0b46bd04b5e1c5bf0843b,<null>,true,true,<null>,<null>,{/bin/bash,-c,</dev/tcp/localhost/9090 && echo TESTCONTAINERS_SUCCESS},com.github.dockerjava.core.exec.ExecCreateCmdExec@449d6037
14:14:52.899 [ducttape-0] DEBUG org.testcontainers.containers.ExecInContainerPattern - /amazing_clarke: Running "exec" command: /bin/sh -c cat /proc/net/tcp{,6} | awk '{print $2}' | grep -i :2382 && echo TESTCONTAINERS_SUCCESS
14:14:52.899 [ducttape-0] DEBUG com.github.dockerjava.core.command.AbstrDockerCmd - Cmd: 58f9e6fd114c76c58290e718ea169d31a025b24a9cc0b46bd04b5e1c5bf0843b,<null>,true,true,<null>,<null>,{/bin/sh,-c,cat /proc/net/tcp{,6} | awk '{print $2}' | grep -i :2382 && echo TESTCONTAINERS_SUCCESS},com.github.dockerjava.core.exec.ExecCreateCmdExec@6e2b568a
14:14:53.008 [ducttape-0] DEBUG org.testcontainers.containers.ExecInContainerPattern - /amazing_clarke: Running "exec" command: /bin/sh -c nc -vz -w 1 localhost 9090 && echo TESTCONTAINERS_SUCCESS
14:14:53.009 [ducttape-0] DEBUG com.github.dockerjava.core.command.AbstrDockerCmd - Cmd: 58f9e6fd114c76c58290e718ea169d31a025b24a9cc0b46bd04b5e1c5bf0843b,<null>,true,true,<null>,<null>,{/bin/sh,-c,nc -vz -w 1 localhost 9090 && echo TESTCONTAINERS_SUCCESS},com.github.dockerjava.core.exec.ExecCreateCmdExec@1362f34c
14:14:53.142 [ducttape-0] DEBUG org.testcontainers.containers.ExecInContainerPattern - /amazing_clarke: Running "exec" command: /bin/bash -c </dev/tcp/localhost/9090 && echo TESTCONTAINERS_SUCCESS
14:14:53.142 [ducttape-0] DEBUG com.github.dockerjava.core.command.AbstrDockerCmd - Cmd: 58f9e6fd114c76c58290e718ea169d31a025b24a9cc0b46bd04b5e1c5bf0843b,<null>,true,true,<null>,<null>,{/bin/bash,-c,</dev/tcp/localhost/9090 && echo TESTCONTAINERS_SUCCESS},com.github.dockerjava.core.exec.ExecCreateCmdExec@69f0aadb
14:14:54.267 [ducttape-0] DEBUG org.testcontainers.containers.ExecInContainerPattern - /amazing_clarke: Running "exec" command: /bin/sh -c cat /proc/net/tcp{,6} | awk '{print $2}' | grep -i :2382 && echo TESTCONTAINERS_SUCCESS
14:14:54.267 [ducttape-0] DEBUG com.github.dockerjava.core.command.AbstrDockerCmd - Cmd: 58f9e6fd114c76c58290e718ea169d31a025b24a9cc0b46bd04b5e1c5bf0843b,<null>,true,true,<null>,<null>,{/bin/sh,-c,cat /proc/net/tcp{,6} | awk '{print $2}' | grep -i :2382 && echo TESTCONTAINERS_SUCCESS},com.github.dockerjava.core.exec.ExecCreateCmdExec@5c6d7f69
14:14:54.378 [ducttape-0] DEBUG org.testcontainers.containers.ExecInContainerPattern - /amazing_clarke: Running "exec" command: /bin/sh -c nc -vz -w 1 localhost 9090 && echo TESTCONTAINERS_SUCCESS
14:14:54.378 [ducttape-0] DEBUG com.github.dockerjava.core.command.AbstrDockerCmd - Cmd: 58f9e6fd114c76c58290e718ea169d31a025b24a9cc0b46bd04b5e1c5bf0843b,<null>,true,true,<null>,<null>,{/bin/sh,-c,nc -vz -w 1 localhost 9090 && echo TESTCONTAINERS_SUCCESS},com.github.dockerjava.core.exec.ExecCreateCmdExec@34bf7f77
14:14:54.514 [ducttape-0] DEBUG org.testcontainers.containers.ExecInContainerPattern - /amazing_clarke: Running "exec" command: /bin/bash -c </dev/tcp/localhost/9090 && echo TESTCONTAINERS_SUCCESS
14:14:54.514 [ducttape-0] DEBUG com.github.dockerjava.core.command.AbstrDockerCmd - Cmd: 58f9e6fd114c76c58290e718ea169d31a025b24a9cc0b46bd04b5e1c5bf0843b,<null>,true,true,<null>,<null>,{/bin/bash,-c,</dev/tcp/localhost/9090 && echo TESTCONTAINERS_SUCCESS},com.github.dockerjava.core.exec.ExecCreateCmdExec@53221735
14:14:55.649 [ducttape-0] DEBUG org.testcontainers.containers.ExecInContainerPattern - /amazing_clarke: Running "exec" command: /bin/sh -c cat /proc/net/tcp{,6} | awk '{print $2}' | grep -i :2382 && echo TESTCONTAINERS_SUCCESS
14:14:55.649 [ducttape-0] DEBUG com.github.dockerjava.core.command.AbstrDockerCmd - Cmd: 58f9e6fd114c76c58290e718ea169d31a025b24a9cc0b46bd04b5e1c5bf0843b,<null>,true,true,<null>,<null>,{/bin/sh,-c,cat /proc/net/tcp{,6} | awk '{print $2}' | grep -i :2382 && echo TESTCONTAINERS_SUCCESS},com.github.dockerjava.core.exec.ExecCreateCmdExec@692fd9c5
14:14:55.765 [ducttape-0] DEBUG org.testcontainers.containers.ExecInContainerPattern - /amazing_clarke: Running "exec" command: /bin/sh -c nc -vz -w 1 localhost 9090 && echo TESTCONTAINERS_SUCCESS
14:14:55.765 [ducttape-0] DEBUG com.github.dockerjava.core.command.AbstrDockerCmd - Cmd: 58f9e6fd114c76c58290e718ea169d31a025b24a9cc0b46bd04b5e1c5bf0843b,<null>,true,true,<null>,<null>,{/bin/sh,-c,nc -vz -w 1 localhost 9090 && echo TESTCONTAINERS_SUCCESS},com.github.dockerjava.core.exec.ExecCreateCmdExec@53dac4f3
14:14:55.896 [ducttape-0] DEBUG org.testcontainers.containers.ExecInContainerPattern - /amazing_clarke: Running "exec" command: /bin/bash -c </dev/tcp/localhost/9090 && echo TESTCONTAINERS_SUCCESS
14:14:55.896 [ducttape-0] DEBUG com.github.dockerjava.core.command.AbstrDockerCmd - Cmd: 58f9e6fd114c76c58290e718ea169d31a025b24a9cc0b46bd04b5e1c5bf0843b,<null>,true,true,<null>,<null>,{/bin/bash,-c,</dev/tcp/localhost/9090 && echo TESTCONTAINERS_SUCCESS},com.github.dockerjava.core.exec.ExecCreateCmdExec@407953aa
14:14:57.034 [ducttape-0] DEBUG org.testcontainers.containers.ExecInContainerPattern - /amazing_clarke: Running "exec" command: /bin/sh -c cat /proc/net/tcp{,6} | awk '{print $2}' | grep -i :2382 && echo TESTCONTAINERS_SUCCESS
14:14:57.034 [ducttape-0] DEBUG com.github.dockerjava.core.command.AbstrDockerCmd - Cmd: 58f9e6fd114c76c58290e718ea169d31a025b24a9cc0b46bd04b5e1c5bf0843b,<null>,true,true,<null>,<null>,{/bin/sh,-c,cat /proc/net/tcp{,6} | awk '{print $2}' | grep -i :2382 && echo TESTCONTAINERS_SUCCESS},com.github.dockerjava.core.exec.ExecCreateCmdExec@4217c9b4
14:14:57.145 [ducttape-0] DEBUG org.testcontainers.containers.ExecInContainerPattern - /amazing_clarke: Running "exec" command: /bin/sh -c nc -vz -w 1 localhost 9090 && echo TESTCONTAINERS_SUCCESS
14:14:57.145 [ducttape-0] DEBUG com.github.dockerjava.core.command.AbstrDockerCmd - Cmd: 58f9e6fd114c76c58290e718ea169d31a025b24a9cc0b46bd04b5e1c5bf0843b,<null>,true,true,<null>,<null>,{/bin/sh,-c,nc -vz -w 1 localhost 9090 && echo TESTCONTAINERS_SUCCESS},com.github.dockerjava.core.exec.ExecCreateCmdExec@65105eee
14:14:57.269 [ducttape-0] DEBUG org.testcontainers.containers.ExecInContainerPattern - /amazing_clarke: Running "exec" command: /bin/bash -c </dev/tcp/localhost/9090 && echo TESTCONTAINERS_SUCCESS
14:14:57.269 [ducttape-0] DEBUG com.github.dockerjava.core.command.AbstrDockerCmd - Cmd: 58f9e6fd114c76c58290e718ea169d31a025b24a9cc0b46bd04b5e1c5bf0843b,<null>,true,true,<null>,<null>,{/bin/bash,-c,</dev/tcp/localhost/9090 && echo TESTCONTAINERS_SUCCESS},com.github.dockerjava.core.exec.ExecCreateCmdExec@25e2528f
14:14:58.412 [ducttape-0] DEBUG org.testcontainers.containers.ExecInContainerPattern - /amazing_clarke: Running "exec" command: /bin/sh -c cat /proc/net/tcp{,6} | awk '{print $2}' | grep -i :2382 && echo TESTCONTAINERS_SUCCESS
14:14:58.412 [ducttape-0] DEBUG com.github.dockerjava.core.command.AbstrDockerCmd - Cmd: 58f9e6fd114c76c58290e718ea169d31a025b24a9cc0b46bd04b5e1c5bf0843b,<null>,true,true,<null>,<null>,{/bin/sh,-c,cat /proc/net/tcp{,6} | awk '{print $2}' | grep -i :2382 && echo TESTCONTAINERS_SUCCESS},com.github.dockerjava.core.exec.ExecCreateCmdExec@58a327cb
14:14:58.523 [ducttape-0] DEBUG org.testcontainers.containers.ExecInContainerPattern - /amazing_clarke: Running "exec" command: /bin/sh -c nc -vz -w 1 localhost 9090 && echo TESTCONTAINERS_SUCCESS
14:14:58.523 [ducttape-0] DEBUG com.github.dockerjava.core.command.AbstrDockerCmd - Cmd: 58f9e6fd114c76c58290e718ea169d31a025b24a9cc0b46bd04b5e1c5bf0843b,<null>,true,true,<null>,<null>,{/bin/sh,-c,nc -vz -w 1 localhost 9090 && echo TESTCONTAINERS_SUCCESS},com.github.dockerjava.core.exec.ExecCreateCmdExec@150fd9e3
14:14:58.646 [ducttape-0] DEBUG org.testcontainers.containers.ExecInContainerPattern - /amazing_clarke: Running "exec" command: /bin/bash -c </dev/tcp/localhost/9090 && echo TESTCONTAINERS_SUCCESS
14:14:58.646 [ducttape-0] DEBUG com.github.dockerjava.core.command.AbstrDockerCmd - Cmd: 58f9e6fd114c76c58290e718ea169d31a025b24a9cc0b46bd04b5e1c5bf0843b,<null>,true,true,<null>,<null>,{/bin/bash,-c,</dev/tcp/localhost/9090 && echo TESTCONTAINERS_SUCCESS},com.github.dockerjava.core.exec.ExecCreateCmdExec@741f4230
14:14:59.792 [ducttape-0] DEBUG org.testcontainers.containers.ExecInContainerPattern - /amazing_clarke: Running "exec" command: /bin/sh -c cat /proc/net/tcp{,6} | awk '{print $2}' | grep -i :2382 && echo TESTCONTAINERS_SUCCESS
14:14:59.792 [ducttape-0] DEBUG com.github.dockerjava.core.command.AbstrDockerCmd - Cmd: 58f9e6fd114c76c58290e718ea169d31a025b24a9cc0b46bd04b5e1c5bf0843b,<null>,true,true,<null>,<null>,{/bin/sh,-c,cat /proc/net/tcp{,6} | awk '{print $2}' | grep -i :2382 && echo TESTCONTAINERS_SUCCESS},com.github.dockerjava.core.exec.ExecCreateCmdExec@492476b6
14:14:59.903 [ducttape-0] DEBUG org.testcontainers.containers.ExecInContainerPattern - /amazing_clarke: Running "exec" command: /bin/sh -c nc -vz -w 1 localhost 9090 && echo TESTCONTAINERS_SUCCESS
14:14:59.903 [ducttape-0] DEBUG com.github.dockerjava.core.command.AbstrDockerCmd - Cmd: 58f9e6fd114c76c58290e718ea169d31a025b24a9cc0b46bd04b5e1c5bf0843b,<null>,true,true,<null>,<null>,{/bin/sh,-c,nc -vz -w 1 localhost 9090 && echo TESTCONTAINERS_SUCCESS},com.github.dockerjava.core.exec.ExecCreateCmdExec@6ffe8bb5
14:15:00.042 [ducttape-0] DEBUG org.testcontainers.containers.ExecInContainerPattern - /amazing_clarke: Running "exec" command: /bin/bash -c </dev/tcp/localhost/9090 && echo TESTCONTAINERS_SUCCESS
14:15:00.042 [ducttape-0] DEBUG com.github.dockerjava.core.command.AbstrDockerCmd - Cmd: 58f9e6fd114c76c58290e718ea169d31a025b24a9cc0b46bd04b5e1c5bf0843b,<null>,true,true,<null>,<null>,{/bin/bash,-c,</dev/tcp/localhost/9090 && echo TESTCONTAINERS_SUCCESS},com.github.dockerjava.core.exec.ExecCreateCmdExec@5ccd1d62
14:15:01.181 [ducttape-0] DEBUG org.testcontainers.containers.ExecInContainerPattern - /amazing_clarke: Running "exec" command: /bin/sh -c cat /proc/net/tcp{,6} | awk '{print $2}' | grep -i :2382 && echo TESTCONTAINERS_SUCCESS
14:15:01.181 [ducttape-0] DEBUG com.github.dockerjava.core.command.AbstrDockerCmd - Cmd: 58f9e6fd114c76c58290e718ea169d31a025b24a9cc0b46bd04b5e1c5bf0843b,<null>,true,true,<null>,<null>,{/bin/sh,-c,cat /proc/net/tcp{,6} | awk '{print $2}' | grep -i :2382 && echo TESTCONTAINERS_SUCCESS},com.github.dockerjava.core.exec.ExecCreateCmdExec@54c3a1e1
14:15:01.290 [ducttape-0] DEBUG org.testcontainers.containers.ExecInContainerPattern - /amazing_clarke: Running "exec" command: /bin/sh -c nc -vz -w 1 localhost 9090 && echo TESTCONTAINERS_SUCCESS
14:15:01.290 [ducttape-0] DEBUG com.github.dockerjava.core.command.AbstrDockerCmd - Cmd: 58f9e6fd114c76c58290e718ea169d31a025b24a9cc0b46bd04b5e1c5bf0843b,<null>,true,true,<null>,<null>,{/bin/sh,-c,nc -vz -w 1 localhost 9090 && echo TESTCONTAINERS_SUCCESS},com.github.dockerjava.core.exec.ExecCreateCmdExec@640526ac
14:15:01.419 [ducttape-0] DEBUG org.testcontainers.containers.ExecInContainerPattern - /amazing_clarke: Running "exec" command: /bin/bash -c </dev/tcp/localhost/9090 && echo TESTCONTAINERS_SUCCESS
14:15:01.420 [ducttape-0] DEBUG com.github.dockerjava.core.command.AbstrDockerCmd - Cmd: 58f9e6fd114c76c58290e718ea169d31a025b24a9cc0b46bd04b5e1c5bf0843b,<null>,true,true,<null>,<null>,{/bin/bash,-c,</dev/tcp/localhost/9090 && echo TESTCONTAINERS_SUCCESS},com.github.dockerjava.core.exec.ExecCreateCmdExec@3b298641
14:15:02.553 [ducttape-0] DEBUG org.testcontainers.containers.ExecInContainerPattern - /amazing_clarke: Running "exec" command: /bin/sh -c cat /proc/net/tcp{,6} | awk '{print $2}' | grep -i :2382 && echo TESTCONTAINERS_SUCCESS
14:15:02.554 [ducttape-0] DEBUG com.github.dockerjava.core.command.AbstrDockerCmd - Cmd: 58f9e6fd114c76c58290e718ea169d31a025b24a9cc0b46bd04b5e1c5bf0843b,<null>,true,true,<null>,<null>,{/bin/sh,-c,cat /proc/net/tcp{,6} | awk '{print $2}' | grep -i :2382 && echo TESTCONTAINERS_SUCCESS},com.github.dockerjava.core.exec.ExecCreateCmdExec@1e154bed
14:15:02.663 [ducttape-0] DEBUG org.testcontainers.containers.ExecInContainerPattern - /amazing_clarke: Running "exec" command: /bin/sh -c nc -vz -w 1 localhost 9090 && echo TESTCONTAINERS_SUCCESS
14:15:02.663 [ducttape-0] DEBUG com.github.dockerjava.core.command.AbstrDockerCmd - Cmd: 58f9e6fd114c76c58290e718ea169d31a025b24a9cc0b46bd04b5e1c5bf0843b,<null>,true,true,<null>,<null>,{/bin/sh,-c,nc -vz -w 1 localhost 9090 && echo TESTCONTAINERS_SUCCESS},com.github.dockerjava.core.exec.ExecCreateCmdExec@7c2a97d9
14:15:02.797 [ducttape-0] DEBUG org.testcontainers.containers.ExecInContainerPattern - /amazing_clarke: Running "exec" command: /bin/bash -c </dev/tcp/localhost/9090 && echo TESTCONTAINERS_SUCCESS
14:15:02.797 [ducttape-0] DEBUG com.github.dockerjava.core.command.AbstrDockerCmd - Cmd: 58f9e6fd114c76c58290e718ea169d31a025b24a9cc0b46bd04b5e1c5bf0843b,<null>,true,true,<null>,<null>,{/bin/bash,-c,</dev/tcp/localhost/9090 && echo TESTCONTAINERS_SUCCESS},com.github.dockerjava.core.exec.ExecCreateCmdExec@5a95c852
14:15:03.940 [ducttape-0] DEBUG org.testcontainers.containers.ExecInContainerPattern - /amazing_clarke: Running "exec" command: /bin/sh -c cat /proc/net/tcp{,6} | awk '{print $2}' | grep -i :2382 && echo TESTCONTAINERS_SUCCESS
14:15:03.940 [ducttape-0] DEBUG com.github.dockerjava.core.command.AbstrDockerCmd - Cmd: 58f9e6fd114c76c58290e718ea169d31a025b24a9cc0b46bd04b5e1c5bf0843b,<null>,true,true,<null>,<null>,{/bin/sh,-c,cat /proc/net/tcp{,6} | awk '{print $2}' | grep -i :2382 && echo TESTCONTAINERS_SUCCESS},com.github.dockerjava.core.exec.ExecCreateCmdExec@494faab5
14:15:04.051 [ducttape-0] DEBUG org.testcontainers.containers.ExecInContainerPattern - /amazing_clarke: Running "exec" command: /bin/sh -c nc -vz -w 1 localhost 9090 && echo TESTCONTAINERS_SUCCESS
14:15:04.051 [ducttape-0] DEBUG com.github.dockerjava.core.command.AbstrDockerCmd - Cmd: 58f9e6fd114c76c58290e718ea169d31a025b24a9cc0b46bd04b5e1c5bf0843b,<null>,true,true,<null>,<null>,{/bin/sh,-c,nc -vz -w 1 localhost 9090 && echo TESTCONTAINERS_SUCCESS},com.github.dockerjava.core.exec.ExecCreateCmdExec@ed60e2d
14:15:04.191 [ducttape-0] DEBUG org.testcontainers.containers.ExecInContainerPattern - /amazing_clarke: Running "exec" command: /bin/bash -c </dev/tcp/localhost/9090 && echo TESTCONTAINERS_SUCCESS
14:15:04.191 [ducttape-0] DEBUG com.github.dockerjava.core.command.AbstrDockerCmd - Cmd: 58f9e6fd114c76c58290e718ea169d31a025b24a9cc0b46bd04b5e1c5bf0843b,<null>,true,true,<null>,<null>,{/bin/bash,-c,</dev/tcp/localhost/9090 && echo TESTCONTAINERS_SUCCESS},com.github.dockerjava.core.exec.ExecCreateCmdExec@4099975e
14:15:05.331 [ducttape-0] DEBUG org.testcontainers.containers.ExecInContainerPattern - /amazing_clarke: Running "exec" command: /bin/sh -c cat /proc/net/tcp{,6} | awk '{print $2}' | grep -i :2382 && echo TESTCONTAINERS_SUCCESS
14:15:05.331 [ducttape-0] DEBUG com.github.dockerjava.core.command.AbstrDockerCmd - Cmd: 58f9e6fd114c76c58290e718ea169d31a025b24a9cc0b46bd04b5e1c5bf0843b,<null>,true,true,<null>,<null>,{/bin/sh,-c,cat /proc/net/tcp{,6} | awk '{print $2}' | grep -i :2382 && echo TESTCONTAINERS_SUCCESS},com.github.dockerjava.core.exec.ExecCreateCmdExec@28d00cf0
14:15:05.444 [ducttape-0] DEBUG org.testcontainers.containers.ExecInContainerPattern - /amazing_clarke: Running "exec" command: /bin/sh -c nc -vz -w 1 localhost 9090 && echo TESTCONTAINERS_SUCCESS
14:15:05.444 [ducttape-0] DEBUG com.github.dockerjava.core.command.AbstrDockerCmd - Cmd: 58f9e6fd114c76c58290e718ea169d31a025b24a9cc0b46bd04b5e1c5bf0843b,<null>,true,true,<null>,<null>,{/bin/sh,-c,nc -vz -w 1 localhost 9090 && echo TESTCONTAINERS_SUCCESS},com.github.dockerjava.core.exec.ExecCreateCmdExec@6c8b1451
14:15:05.577 [ducttape-0] DEBUG org.testcontainers.containers.ExecInContainerPattern - /amazing_clarke: Running "exec" command: /bin/bash -c </dev/tcp/localhost/9090 && echo TESTCONTAINERS_SUCCESS
14:15:05.577 [ducttape-0] DEBUG com.github.dockerjava.core.command.AbstrDockerCmd - Cmd: 58f9e6fd114c76c58290e718ea169d31a025b24a9cc0b46bd04b5e1c5bf0843b,<null>,true,true,<null>,<null>,{/bin/bash,-c,</dev/tcp/localhost/9090 && echo TESTCONTAINERS_SUCCESS},com.github.dockerjava.core.exec.ExecCreateCmdExec@1cfe498d
14:15:06.720 [ducttape-0] DEBUG org.testcontainers.containers.ExecInContainerPattern - /amazing_clarke: Running "exec" command: /bin/sh -c cat /proc/net/tcp{,6} | awk '{print $2}' | grep -i :2382 && echo TESTCONTAINERS_SUCCESS
14:15:06.721 [ducttape-0] DEBUG com.github.dockerjava.core.command.AbstrDockerCmd - Cmd: 58f9e6fd114c76c58290e718ea169d31a025b24a9cc0b46bd04b5e1c5bf0843b,<null>,true,true,<null>,<null>,{/bin/sh,-c,cat /proc/net/tcp{,6} | awk '{print $2}' | grep -i :2382 && echo TESTCONTAINERS_SUCCESS},com.github.dockerjava.core.exec.ExecCreateCmdExec@6a668f50
14:15:06.829 [ducttape-0] DEBUG org.testcontainers.containers.ExecInContainerPattern - /amazing_clarke: Running "exec" command: /bin/sh -c nc -vz -w 1 localhost 9090 && echo TESTCONTAINERS_SUCCESS
14:15:06.829 [ducttape-0] DEBUG com.github.dockerjava.core.command.AbstrDockerCmd - Cmd: 58f9e6fd114c76c58290e718ea169d31a025b24a9cc0b46bd04b5e1c5bf0843b,<null>,true,true,<null>,<null>,{/bin/sh,-c,nc -vz -w 1 localhost 9090 && echo TESTCONTAINERS_SUCCESS},com.github.dockerjava.core.exec.ExecCreateCmdExec@3bc745e2
14:15:06.960 [ducttape-0] DEBUG org.testcontainers.containers.ExecInContainerPattern - /amazing_clarke: Running "exec" command: /bin/bash -c </dev/tcp/localhost/9090 && echo TESTCONTAINERS_SUCCESS
14:15:06.960 [ducttape-0] DEBUG com.github.dockerjava.core.command.AbstrDockerCmd - Cmd: 58f9e6fd114c76c58290e718ea169d31a025b24a9cc0b46bd04b5e1c5bf0843b,<null>,true,true,<null>,<null>,{/bin/bash,-c,</dev/tcp/localhost/9090 && echo TESTCONTAINERS_SUCCESS},com.github.dockerjava.core.exec.ExecCreateCmdExec@627396b0
14:15:08.091 [ducttape-0] DEBUG org.testcontainers.containers.ExecInContainerPattern - /amazing_clarke: Running "exec" command: /bin/sh -c cat /proc/net/tcp{,6} | awk '{print $2}' | grep -i :2382 && echo TESTCONTAINERS_SUCCESS
14:15:08.091 [ducttape-0] DEBUG com.github.dockerjava.core.command.AbstrDockerCmd - Cmd: 58f9e6fd114c76c58290e718ea169d31a025b24a9cc0b46bd04b5e1c5bf0843b,<null>,true,true,<null>,<null>,{/bin/sh,-c,cat /proc/net/tcp{,6} | awk '{print $2}' | grep -i :2382 && echo TESTCONTAINERS_SUCCESS},com.github.dockerjava.core.exec.ExecCreateCmdExec@686df2a0
14:15:08.207 [ducttape-0] DEBUG org.testcontainers.containers.ExecInContainerPattern - /amazing_clarke: Running "exec" command: /bin/sh -c nc -vz -w 1 localhost 9090 && echo TESTCONTAINERS_SUCCESS
14:15:08.207 [ducttape-0] DEBUG com.github.dockerjava.core.command.AbstrDockerCmd - Cmd: 58f9e6fd114c76c58290e718ea169d31a025b24a9cc0b46bd04b5e1c5bf0843b,<null>,true,true,<null>,<null>,{/bin/sh,-c,nc -vz -w 1 localhost 9090 && echo TESTCONTAINERS_SUCCESS},com.github.dockerjava.core.exec.ExecCreateCmdExec@26c7dc37
14:15:08.338 [ducttape-0] DEBUG org.testcontainers.containers.ExecInContainerPattern - /amazing_clarke: Running "exec" command: /bin/bash -c </dev/tcp/localhost/9090 && echo TESTCONTAINERS_SUCCESS
14:15:08.339 [ducttape-0] DEBUG com.github.dockerjava.core.command.AbstrDockerCmd - Cmd: 58f9e6fd114c76c58290e718ea169d31a025b24a9cc0b46bd04b5e1c5bf0843b,<null>,true,true,<null>,<null>,{/bin/bash,-c,</dev/tcp/localhost/9090 && echo TESTCONTAINERS_SUCCESS},com.github.dockerjava.core.exec.ExecCreateCmdExec@6a66b053
14:15:09.471 [ducttape-0] DEBUG org.testcontainers.containers.ExecInContainerPattern - /amazing_clarke: Running "exec" command: /bin/sh -c cat /proc/net/tcp{,6} | awk '{print $2}' | grep -i :2382 && echo TESTCONTAINERS_SUCCESS
14:15:09.471 [ducttape-0] DEBUG com.github.dockerjava.core.command.AbstrDockerCmd - Cmd: 58f9e6fd114c76c58290e718ea169d31a025b24a9cc0b46bd04b5e1c5bf0843b,<null>,true,true,<null>,<null>,{/bin/sh,-c,cat /proc/net/tcp{,6} | awk '{print $2}' | grep -i :2382 && echo TESTCONTAINERS_SUCCESS},com.github.dockerjava.core.exec.ExecCreateCmdExec@52bb5275
14:15:09.581 [ducttape-0] DEBUG org.testcontainers.containers.ExecInContainerPattern - /amazing_clarke: Running "exec" command: /bin/sh -c nc -vz -w 1 localhost 9090 && echo TESTCONTAINERS_SUCCESS
14:15:09.581 [ducttape-0] DEBUG com.github.dockerjava.core.command.AbstrDockerCmd - Cmd: 58f9e6fd114c76c58290e718ea169d31a025b24a9cc0b46bd04b5e1c5bf0843b,<null>,true,true,<null>,<null>,{/bin/sh,-c,nc -vz -w 1 localhost 9090 && echo TESTCONTAINERS_SUCCESS},com.github.dockerjava.core.exec.ExecCreateCmdExec@2d04091b
14:15:09.712 [ducttape-0] DEBUG org.testcontainers.containers.ExecInContainerPattern - /amazing_clarke: Running "exec" command: /bin/bash -c </dev/tcp/localhost/9090 && echo TESTCONTAINERS_SUCCESS
14:15:09.712 [ducttape-0] DEBUG com.github.dockerjava.core.command.AbstrDockerCmd - Cmd: 58f9e6fd114c76c58290e718ea169d31a025b24a9cc0b46bd04b5e1c5bf0843b,<null>,true,true,<null>,<null>,{/bin/bash,-c,</dev/tcp/localhost/9090 && echo TESTCONTAINERS_SUCCESS},com.github.dockerjava.core.exec.ExecCreateCmdExec@4708b01e
14:15:10.840 [ducttape-0] DEBUG org.testcontainers.containers.ExecInContainerPattern - /amazing_clarke: Running "exec" command: /bin/sh -c cat /proc/net/tcp{,6} | awk '{print $2}' | grep -i :2382 && echo TESTCONTAINERS_SUCCESS
14:15:10.840 [ducttape-0] DEBUG com.github.dockerjava.core.command.AbstrDockerCmd - Cmd: 58f9e6fd114c76c58290e718ea169d31a025b24a9cc0b46bd04b5e1c5bf0843b,<null>,true,true,<null>,<null>,{/bin/sh,-c,cat /proc/net/tcp{,6} | awk '{print $2}' | grep -i :2382 && echo TESTCONTAINERS_SUCCESS},com.github.dockerjava.core.exec.ExecCreateCmdExec@46a3290d
14:15:10.954 [ducttape-0] DEBUG org.testcontainers.containers.ExecInContainerPattern - /amazing_clarke: Running "exec" command: /bin/sh -c nc -vz -w 1 localhost 9090 && echo TESTCONTAINERS_SUCCESS
14:15:10.955 [ducttape-0] DEBUG com.github.dockerjava.core.command.AbstrDockerCmd - Cmd: 58f9e6fd114c76c58290e718ea169d31a025b24a9cc0b46bd04b5e1c5bf0843b,<null>,true,true,<null>,<null>,{/bin/sh,-c,nc -vz -w 1 localhost 9090 && echo TESTCONTAINERS_SUCCESS},com.github.dockerjava.core.exec.ExecCreateCmdExec@48565863
14:15:11.083 [ducttape-0] DEBUG org.testcontainers.containers.ExecInContainerPattern - /amazing_clarke: Running "exec" command: /bin/bash -c </dev/tcp/localhost/9090 && echo TESTCONTAINERS_SUCCESS
14:15:11.083 [ducttape-0] DEBUG com.github.dockerjava.core.command.AbstrDockerCmd - Cmd: 58f9e6fd114c76c58290e718ea169d31a025b24a9cc0b46bd04b5e1c5bf0843b,<null>,true,true,<null>,<null>,{/bin/bash,-c,</dev/tcp/localhost/9090 && echo TESTCONTAINERS_SUCCESS},com.github.dockerjava.core.exec.ExecCreateCmdExec@49b393bb
14:15:12.219 [ducttape-0] DEBUG org.testcontainers.containers.ExecInContainerPattern - /amazing_clarke: Running "exec" command: /bin/sh -c cat /proc/net/tcp{,6} | awk '{print $2}' | grep -i :2382 && echo TESTCONTAINERS_SUCCESS
14:15:12.219 [ducttape-0] DEBUG com.github.dockerjava.core.command.AbstrDockerCmd - Cmd: 58f9e6fd114c76c58290e718ea169d31a025b24a9cc0b46bd04b5e1c5bf0843b,<null>,true,true,<null>,<null>,{/bin/sh,-c,cat /proc/net/tcp{,6} | awk '{print $2}' | grep -i :2382 && echo TESTCONTAINERS_SUCCESS},com.github.dockerjava.core.exec.ExecCreateCmdExec@1de56d90
14:15:12.333 [ducttape-0] DEBUG org.testcontainers.containers.ExecInContainerPattern - /amazing_clarke: Running "exec" command: /bin/sh -c nc -vz -w 1 localhost 9090 && echo TESTCONTAINERS_SUCCESS
14:15:12.333 [ducttape-0] DEBUG com.github.dockerjava.core.command.AbstrDockerCmd - Cmd: 58f9e6fd114c76c58290e718ea169d31a025b24a9cc0b46bd04b5e1c5bf0843b,<null>,true,true,<null>,<null>,{/bin/sh,-c,nc -vz -w 1 localhost 9090 && echo TESTCONTAINERS_SUCCESS},com.github.dockerjava.core.exec.ExecCreateCmdExec@676fd0ba
14:15:12.462 [ducttape-0] DEBUG org.testcontainers.containers.ExecInContainerPattern - /amazing_clarke: Running "exec" command: /bin/bash -c </dev/tcp/localhost/9090 && echo TESTCONTAINERS_SUCCESS
14:15:12.462 [ducttape-0] DEBUG com.github.dockerjava.core.command.AbstrDockerCmd - Cmd: 58f9e6fd114c76c58290e718ea169d31a025b24a9cc0b46bd04b5e1c5bf0843b,<null>,true,true,<null>,<null>,{/bin/bash,-c,</dev/tcp/localhost/9090 && echo TESTCONTAINERS_SUCCESS},com.github.dockerjava.core.exec.ExecCreateCmdExec@634a3ee2
14:15:13.618 [ducttape-0] DEBUG org.testcontainers.containers.ExecInContainerPattern - /amazing_clarke: Running "exec" command: /bin/sh -c cat /proc/net/tcp{,6} | awk '{print $2}' | grep -i :2382 && echo TESTCONTAINERS_SUCCESS
14:15:13.618 [ducttape-0] DEBUG com.github.dockerjava.core.command.AbstrDockerCmd - Cmd: 58f9e6fd114c76c58290e718ea169d31a025b24a9cc0b46bd04b5e1c5bf0843b,<null>,true,true,<null>,<null>,{/bin/sh,-c,cat /proc/net/tcp{,6} | awk '{print $2}' | grep -i :2382 && echo TESTCONTAINERS_SUCCESS},com.github.dockerjava.core.exec.ExecCreateCmdExec@6d2239d0
14:15:13.728 [ducttape-0] DEBUG org.testcontainers.containers.ExecInContainerPattern - /amazing_clarke: Running "exec" command: /bin/sh -c nc -vz -w 1 localhost 9090 && echo TESTCONTAINERS_SUCCESS
14:15:13.728 [ducttape-0] DEBUG com.github.dockerjava.core.command.AbstrDockerCmd - Cmd: 58f9e6fd114c76c58290e718ea169d31a025b24a9cc0b46bd04b5e1c5bf0843b,<null>,true,true,<null>,<null>,{/bin/sh,-c,nc -vz -w 1 localhost 9090 && echo TESTCONTAINERS_SUCCESS},com.github.dockerjava.core.exec.ExecCreateCmdExec@20269994
14:15:13.864 [ducttape-0] DEBUG org.testcontainers.containers.ExecInContainerPattern - /amazing_clarke: Running "exec" command: /bin/bash -c </dev/tcp/localhost/9090 && echo TESTCONTAINERS_SUCCESS
14:15:13.864 [ducttape-0] DEBUG com.github.dockerjava.core.command.AbstrDockerCmd - Cmd: 58f9e6fd114c76c58290e718ea169d31a025b24a9cc0b46bd04b5e1c5bf0843b,<null>,true,true,<null>,<null>,{/bin/bash,-c,</dev/tcp/localhost/9090 && echo TESTCONTAINERS_SUCCESS},com.github.dockerjava.core.exec.ExecCreateCmdExec@2672b008
14:15:15.003 [ducttape-0] DEBUG org.testcontainers.containers.ExecInContainerPattern - /amazing_clarke: Running "exec" command: /bin/sh -c cat /proc/net/tcp{,6} | awk '{print $2}' | grep -i :2382 && echo TESTCONTAINERS_SUCCESS
14:15:15.003 [ducttape-0] DEBUG com.github.dockerjava.core.command.AbstrDockerCmd - Cmd: 58f9e6fd114c76c58290e718ea169d31a025b24a9cc0b46bd04b5e1c5bf0843b,<null>,true,true,<null>,<null>,{/bin/sh,-c,cat /proc/net/tcp{,6} | awk '{print $2}' | grep -i :2382 && echo TESTCONTAINERS_SUCCESS},com.github.dockerjava.core.exec.ExecCreateCmdExec@68bf618e
14:15:15.116 [ducttape-0] DEBUG org.testcontainers.containers.ExecInContainerPattern - /amazing_clarke: Running "exec" command: /bin/sh -c nc -vz -w 1 localhost 9090 && echo TESTCONTAINERS_SUCCESS
14:15:15.116 [ducttape-0] DEBUG com.github.dockerjava.core.command.AbstrDockerCmd - Cmd: 58f9e6fd114c76c58290e718ea169d31a025b24a9cc0b46bd04b5e1c5bf0843b,<null>,true,true,<null>,<null>,{/bin/sh,-c,nc -vz -w 1 localhost 9090 && echo TESTCONTAINERS_SUCCESS},com.github.dockerjava.core.exec.ExecCreateCmdExec@1620fff6
14:15:15.255 [ducttape-0] DEBUG org.testcontainers.containers.ExecInContainerPattern - /amazing_clarke: Running "exec" command: /bin/bash -c </dev/tcp/localhost/9090 && echo TESTCONTAINERS_SUCCESS
14:15:15.256 [ducttape-0] DEBUG com.github.dockerjava.core.command.AbstrDockerCmd - Cmd: 58f9e6fd114c76c58290e718ea169d31a025b24a9cc0b46bd04b5e1c5bf0843b,<null>,true,true,<null>,<null>,{/bin/bash,-c,</dev/tcp/localhost/9090 && echo TESTCONTAINERS_SUCCESS},com.github.dockerjava.core.exec.ExecCreateCmdExec@745d9a8c
14:15:16.387 [ducttape-0] DEBUG org.testcontainers.containers.ExecInContainerPattern - /amazing_clarke: Running "exec" command: /bin/sh -c cat /proc/net/tcp{,6} | awk '{print $2}' | grep -i :2382 && echo TESTCONTAINERS_SUCCESS
14:15:16.387 [ducttape-0] DEBUG com.github.dockerjava.core.command.AbstrDockerCmd - Cmd: 58f9e6fd114c76c58290e718ea169d31a025b24a9cc0b46bd04b5e1c5bf0843b,<null>,true,true,<null>,<null>,{/bin/sh,-c,cat /proc/net/tcp{,6} | awk '{print $2}' | grep -i :2382 && echo TESTCONTAINERS_SUCCESS},com.github.dockerjava.core.exec.ExecCreateCmdExec@4f954a2e
14:15:16.502 [ducttape-0] DEBUG org.testcontainers.containers.ExecInContainerPattern - /amazing_clarke: Running "exec" command: /bin/sh -c nc -vz -w 1 localhost 9090 && echo TESTCONTAINERS_SUCCESS
14:15:16.502 [ducttape-0] DEBUG com.github.dockerjava.core.command.AbstrDockerCmd - Cmd: 58f9e6fd114c76c58290e718ea169d31a025b24a9cc0b46bd04b5e1c5bf0843b,<null>,true,true,<null>,<null>,{/bin/sh,-c,nc -vz -w 1 localhost 9090 && echo TESTCONTAINERS_SUCCESS},com.github.dockerjava.core.exec.ExecCreateCmdExec@595026ba
14:15:16.632 [ducttape-0] DEBUG org.testcontainers.containers.ExecInContainerPattern - /amazing_clarke: Running "exec" command: /bin/bash -c </dev/tcp/localhost/9090 && echo TESTCONTAINERS_SUCCESS
14:15:16.632 [ducttape-0] DEBUG com.github.dockerjava.core.command.AbstrDockerCmd - Cmd: 58f9e6fd114c76c58290e718ea169d31a025b24a9cc0b46bd04b5e1c5bf0843b,<null>,true,true,<null>,<null>,{/bin/bash,-c,</dev/tcp/localhost/9090 && echo TESTCONTAINERS_SUCCESS},com.github.dockerjava.core.exec.ExecCreateCmdExec@3ca0a859
14:15:17.780 [ducttape-0] DEBUG org.testcontainers.containers.ExecInContainerPattern - /amazing_clarke: Running "exec" command: /bin/sh -c cat /proc/net/tcp{,6} | awk '{print $2}' | grep -i :2382 && echo TESTCONTAINERS_SUCCESS
14:15:17.781 [ducttape-0] DEBUG com.github.dockerjava.core.command.AbstrDockerCmd - Cmd: 58f9e6fd114c76c58290e718ea169d31a025b24a9cc0b46bd04b5e1c5bf0843b,<null>,true,true,<null>,<null>,{/bin/sh,-c,cat /proc/net/tcp{,6} | awk '{print $2}' | grep -i :2382 && echo TESTCONTAINERS_SUCCESS},com.github.dockerjava.core.exec.ExecCreateCmdExec@2ff86160
14:15:17.895 [ducttape-0] DEBUG org.testcontainers.containers.ExecInContainerPattern - /amazing_clarke: Running "exec" command: /bin/sh -c nc -vz -w 1 localhost 9090 && echo TESTCONTAINERS_SUCCESS
14:15:17.895 [ducttape-0] DEBUG com.github.dockerjava.core.command.AbstrDockerCmd - Cmd: 58f9e6fd114c76c58290e718ea169d31a025b24a9cc0b46bd04b5e1c5bf0843b,<null>,true,true,<null>,<null>,{/bin/sh,-c,nc -vz -w 1 localhost 9090 && echo TESTCONTAINERS_SUCCESS},com.github.dockerjava.core.exec.ExecCreateCmdExec@451ab6e6
14:15:18.029 [ducttape-0] DEBUG org.testcontainers.containers.ExecInContainerPattern - /amazing_clarke: Running "exec" command: /bin/bash -c </dev/tcp/localhost/9090 && echo TESTCONTAINERS_SUCCESS
14:15:18.029 [ducttape-0] DEBUG com.github.dockerjava.core.command.AbstrDockerCmd - Cmd: 58f9e6fd114c76c58290e718ea169d31a025b24a9cc0b46bd04b5e1c5bf0843b,<null>,true,true,<null>,<null>,{/bin/bash,-c,</dev/tcp/localhost/9090 && echo TESTCONTAINERS_SUCCESS},com.github.dockerjava.core.exec.ExecCreateCmdExec@71fed070
14:15:19.164 [ducttape-0] DEBUG org.testcontainers.containers.ExecInContainerPattern - /amazing_clarke: Running "exec" command: /bin/sh -c cat /proc/net/tcp{,6} | awk '{print $2}' | grep -i :2382 && echo TESTCONTAINERS_SUCCESS
14:15:19.164 [ducttape-0] DEBUG com.github.dockerjava.core.command.AbstrDockerCmd - Cmd: 58f9e6fd114c76c58290e718ea169d31a025b24a9cc0b46bd04b5e1c5bf0843b,<null>,true,true,<null>,<null>,{/bin/sh,-c,cat /proc/net/tcp{,6} | awk '{print $2}' | grep -i :2382 && echo TESTCONTAINERS_SUCCESS},com.github.dockerjava.core.exec.ExecCreateCmdExec@14adedf9
14:15:19.271 [ducttape-0] DEBUG org.testcontainers.containers.ExecInContainerPattern - /amazing_clarke: Running "exec" command: /bin/sh -c nc -vz -w 1 localhost 9090 && echo TESTCONTAINERS_SUCCESS
14:15:19.271 [ducttape-0] DEBUG com.github.dockerjava.core.command.AbstrDockerCmd - Cmd: 58f9e6fd114c76c58290e718ea169d31a025b24a9cc0b46bd04b5e1c5bf0843b,<null>,true,true,<null>,<null>,{/bin/sh,-c,nc -vz -w 1 localhost 9090 && echo TESTCONTAINERS_SUCCESS},com.github.dockerjava.core.exec.ExecCreateCmdExec@4af8452
14:15:19.409 [ducttape-0] DEBUG org.testcontainers.containers.ExecInContainerPattern - /amazing_clarke: Running "exec" command: /bin/bash -c </dev/tcp/localhost/9090 && echo TESTCONTAINERS_SUCCESS
14:15:19.409 [ducttape-0] DEBUG com.github.dockerjava.core.command.AbstrDockerCmd - Cmd: 58f9e6fd114c76c58290e718ea169d31a025b24a9cc0b46bd04b5e1c5bf0843b,<null>,true,true,<null>,<null>,{/bin/bash,-c,</dev/tcp/localhost/9090 && echo TESTCONTAINERS_SUCCESS},com.github.dockerjava.core.exec.ExecCreateCmdExec@7d34cd4f
14:15:20.564 [ducttape-0] DEBUG org.testcontainers.containers.ExecInContainerPattern - /amazing_clarke: Running "exec" command: /bin/sh -c cat /proc/net/tcp{,6} | awk '{print $2}' | grep -i :2382 && echo TESTCONTAINERS_SUCCESS
14:15:20.564 [ducttape-0] DEBUG com.github.dockerjava.core.command.AbstrDockerCmd - Cmd: 58f9e6fd114c76c58290e718ea169d31a025b24a9cc0b46bd04b5e1c5bf0843b,<null>,true,true,<null>,<null>,{/bin/sh,-c,cat /proc/net/tcp{,6} | awk '{print $2}' | grep -i :2382 && echo TESTCONTAINERS_SUCCESS},com.github.dockerjava.core.exec.ExecCreateCmdExec@2b72b53e
14:15:20.677 [ducttape-0] DEBUG org.testcontainers.containers.ExecInContainerPattern - /amazing_clarke: Running "exec" command: /bin/sh -c nc -vz -w 1 localhost 9090 && echo TESTCONTAINERS_SUCCESS
14:15:20.677 [ducttape-0] DEBUG com.github.dockerjava.core.command.AbstrDockerCmd - Cmd: 58f9e6fd114c76c58290e718ea169d31a025b24a9cc0b46bd04b5e1c5bf0843b,<null>,true,true,<null>,<null>,{/bin/sh,-c,nc -vz -w 1 localhost 9090 && echo TESTCONTAINERS_SUCCESS},com.github.dockerjava.core.exec.ExecCreateCmdExec@1fc7365a
14:15:20.811 [ducttape-0] DEBUG org.testcontainers.containers.ExecInContainerPattern - /amazing_clarke: Running "exec" command: /bin/bash -c </dev/tcp/localhost/9090 && echo TESTCONTAINERS_SUCCESS
14:15:20.812 [ducttape-0] DEBUG com.github.dockerjava.core.command.AbstrDockerCmd - Cmd: 58f9e6fd114c76c58290e718ea169d31a025b24a9cc0b46bd04b5e1c5bf0843b,<null>,true,true,<null>,<null>,{/bin/bash,-c,</dev/tcp/localhost/9090 && echo TESTCONTAINERS_SUCCESS},com.github.dockerjava.core.exec.ExecCreateCmdExec@4bfff484
14:15:21.948 [ducttape-0] DEBUG org.testcontainers.containers.ExecInContainerPattern - /amazing_clarke: Running "exec" command: /bin/sh -c cat /proc/net/tcp{,6} | awk '{print $2}' | grep -i :2382 && echo TESTCONTAINERS_SUCCESS
14:15:21.948 [ducttape-0] DEBUG com.github.dockerjava.core.command.AbstrDockerCmd - Cmd: 58f9e6fd114c76c58290e718ea169d31a025b24a9cc0b46bd04b5e1c5bf0843b,<null>,true,true,<null>,<null>,{/bin/sh,-c,cat /proc/net/tcp{,6} | awk '{print $2}' | grep -i :2382 && echo TESTCONTAINERS_SUCCESS},com.github.dockerjava.core.exec.ExecCreateCmdExec@3f159342
14:15:22.064 [ducttape-0] DEBUG org.testcontainers.containers.ExecInContainerPattern - /amazing_clarke: Running "exec" command: /bin/sh -c nc -vz -w 1 localhost 9090 && echo TESTCONTAINERS_SUCCESS
14:15:22.064 [ducttape-0] DEBUG com.github.dockerjava.core.command.AbstrDockerCmd - Cmd: 58f9e6fd114c76c58290e718ea169d31a025b24a9cc0b46bd04b5e1c5bf0843b,<null>,true,true,<null>,<null>,{/bin/sh,-c,nc -vz -w 1 localhost 9090 && echo TESTCONTAINERS_SUCCESS},com.github.dockerjava.core.exec.ExecCreateCmdExec@2d64b499
14:15:22.187 [ducttape-0] DEBUG org.testcontainers.containers.ExecInContainerPattern - /amazing_clarke: Running "exec" command: /bin/bash -c </dev/tcp/localhost/9090 && echo TESTCONTAINERS_SUCCESS
14:15:22.187 [ducttape-0] DEBUG com.github.dockerjava.core.command.AbstrDockerCmd - Cmd: 58f9e6fd114c76c58290e718ea169d31a025b24a9cc0b46bd04b5e1c5bf0843b,<null>,true,true,<null>,<null>,{/bin/bash,-c,</dev/tcp/localhost/9090 && echo TESTCONTAINERS_SUCCESS},com.github.dockerjava.core.exec.ExecCreateCmdExec@17095693
14:15:23.330 [ducttape-0] DEBUG org.testcontainers.containers.ExecInContainerPattern - /amazing_clarke: Running "exec" command: /bin/sh -c cat /proc/net/tcp{,6} | awk '{print $2}' | grep -i :2382 && echo TESTCONTAINERS_SUCCESS
14:15:23.331 [ducttape-0] DEBUG com.github.dockerjava.core.command.AbstrDockerCmd - Cmd: 58f9e6fd114c76c58290e718ea169d31a025b24a9cc0b46bd04b5e1c5bf0843b,<null>,true,true,<null>,<null>,{/bin/sh,-c,cat /proc/net/tcp{,6} | awk '{print $2}' | grep -i :2382 && echo TESTCONTAINERS_SUCCESS},com.github.dockerjava.core.exec.ExecCreateCmdExec@5f4d56f7
14:15:23.439 [ducttape-0] DEBUG org.testcontainers.containers.ExecInContainerPattern - /amazing_clarke: Running "exec" command: /bin/sh -c nc -vz -w 1 localhost 9090 && echo TESTCONTAINERS_SUCCESS
14:15:23.439 [ducttape-0] DEBUG com.github.dockerjava.core.command.AbstrDockerCmd - Cmd: 58f9e6fd114c76c58290e718ea169d31a025b24a9cc0b46bd04b5e1c5bf0843b,<null>,true,true,<null>,<null>,{/bin/sh,-c,nc -vz -w 1 localhost 9090 && echo TESTCONTAINERS_SUCCESS},com.github.dockerjava.core.exec.ExecCreateCmdExec@2c4029ed
14:15:23.565 [ducttape-0] DEBUG org.testcontainers.containers.ExecInContainerPattern - /amazing_clarke: Running "exec" command: /bin/bash -c </dev/tcp/localhost/9090 && echo TESTCONTAINERS_SUCCESS
14:15:23.565 [ducttape-0] DEBUG com.github.dockerjava.core.command.AbstrDockerCmd - Cmd: 58f9e6fd114c76c58290e718ea169d31a025b24a9cc0b46bd04b5e1c5bf0843b,<null>,true,true,<null>,<null>,{/bin/bash,-c,</dev/tcp/localhost/9090 && echo TESTCONTAINERS_SUCCESS},com.github.dockerjava.core.exec.ExecCreateCmdExec@617540f9
14:15:24.698 [ducttape-0] DEBUG org.testcontainers.containers.ExecInContainerPattern - /amazing_clarke: Running "exec" command: /bin/sh -c cat /proc/net/tcp{,6} | awk '{print $2}' | grep -i :2382 && echo TESTCONTAINERS_SUCCESS
14:15:24.698 [ducttape-0] DEBUG com.github.dockerjava.core.command.AbstrDockerCmd - Cmd: 58f9e6fd114c76c58290e718ea169d31a025b24a9cc0b46bd04b5e1c5bf0843b,<null>,true,true,<null>,<null>,{/bin/sh,-c,cat /proc/net/tcp{,6} | awk '{print $2}' | grep -i :2382 && echo TESTCONTAINERS_SUCCESS},com.github.dockerjava.core.exec.ExecCreateCmdExec@3fa0f0db
14:15:24.805 [ducttape-0] DEBUG org.testcontainers.containers.ExecInContainerPattern - /amazing_clarke: Running "exec" command: /bin/sh -c nc -vz -w 1 localhost 9090 && echo TESTCONTAINERS_SUCCESS
14:15:24.805 [ducttape-0] DEBUG com.github.dockerjava.core.command.AbstrDockerCmd - Cmd: 58f9e6fd114c76c58290e718ea169d31a025b24a9cc0b46bd04b5e1c5bf0843b,<null>,true,true,<null>,<null>,{/bin/sh,-c,nc -vz -w 1 localhost 9090 && echo TESTCONTAINERS_SUCCESS},com.github.dockerjava.core.exec.ExecCreateCmdExec@725635f2
14:15:24.965 [ducttape-0] DEBUG org.testcontainers.containers.ExecInContainerPattern - /amazing_clarke: Running "exec" command: /bin/bash -c </dev/tcp/localhost/9090 && echo TESTCONTAINERS_SUCCESS
14:15:24.965 [ducttape-0] DEBUG com.github.dockerjava.core.command.AbstrDockerCmd - Cmd: 58f9e6fd114c76c58290e718ea169d31a025b24a9cc0b46bd04b5e1c5bf0843b,<null>,true,true,<null>,<null>,{/bin/bash,-c,</dev/tcp/localhost/9090 && echo TESTCONTAINERS_SUCCESS},com.github.dockerjava.core.exec.ExecCreateCmdExec@4d2cdcce
14:15:26.092 [ducttape-0] DEBUG org.testcontainers.containers.ExecInContainerPattern - /amazing_clarke: Running "exec" command: /bin/sh -c cat /proc/net/tcp{,6} | awk '{print $2}' | grep -i :2382 && echo TESTCONTAINERS_SUCCESS
14:15:26.092 [ducttape-0] DEBUG com.github.dockerjava.core.command.AbstrDockerCmd - Cmd: 58f9e6fd114c76c58290e718ea169d31a025b24a9cc0b46bd04b5e1c5bf0843b,<null>,true,true,<null>,<null>,{/bin/sh,-c,cat /proc/net/tcp{,6} | awk '{print $2}' | grep -i :2382 && echo TESTCONTAINERS_SUCCESS},com.github.dockerjava.core.exec.ExecCreateCmdExec@49fb9a72
14:15:26.209 [ducttape-0] DEBUG org.testcontainers.containers.ExecInContainerPattern - /amazing_clarke: Running "exec" command: /bin/sh -c nc -vz -w 1 localhost 9090 && echo TESTCONTAINERS_SUCCESS
14:15:26.209 [ducttape-0] DEBUG com.github.dockerjava.core.command.AbstrDockerCmd - Cmd: 58f9e6fd114c76c58290e718ea169d31a025b24a9cc0b46bd04b5e1c5bf0843b,<null>,true,true,<null>,<null>,{/bin/sh,-c,nc -vz -w 1 localhost 9090 && echo TESTCONTAINERS_SUCCESS},com.github.dockerjava.core.exec.ExecCreateCmdExec@1afb279
14:15:26.335 [ducttape-0] DEBUG org.testcontainers.containers.ExecInContainerPattern - /amazing_clarke: Running "exec" command: /bin/bash -c </dev/tcp/localhost/9090 && echo TESTCONTAINERS_SUCCESS
14:15:26.335 [ducttape-0] DEBUG com.github.dockerjava.core.command.AbstrDockerCmd - Cmd: 58f9e6fd114c76c58290e718ea169d31a025b24a9cc0b46bd04b5e1c5bf0843b,<null>,true,true,<null>,<null>,{/bin/bash,-c,</dev/tcp/localhost/9090 && echo TESTCONTAINERS_SUCCESS},com.github.dockerjava.core.exec.ExecCreateCmdExec@10ecc55c
14:15:27.474 [ducttape-0] DEBUG org.testcontainers.containers.ExecInContainerPattern - /amazing_clarke: Running "exec" command: /bin/sh -c cat /proc/net/tcp{,6} | awk '{print $2}' | grep -i :2382 && echo TESTCONTAINERS_SUCCESS
14:15:27.474 [ducttape-0] DEBUG com.github.dockerjava.core.command.AbstrDockerCmd - Cmd: 58f9e6fd114c76c58290e718ea169d31a025b24a9cc0b46bd04b5e1c5bf0843b,<null>,true,true,<null>,<null>,{/bin/sh,-c,cat /proc/net/tcp{,6} | awk '{print $2}' | grep -i :2382 && echo TESTCONTAINERS_SUCCESS},com.github.dockerjava.core.exec.ExecCreateCmdExec@30b48dcf
14:15:27.590 [ducttape-0] DEBUG org.testcontainers.containers.ExecInContainerPattern - /amazing_clarke: Running "exec" command: /bin/sh -c nc -vz -w 1 localhost 9090 && echo TESTCONTAINERS_SUCCESS
14:15:27.590 [ducttape-0] DEBUG com.github.dockerjava.core.command.AbstrDockerCmd - Cmd: 58f9e6fd114c76c58290e718ea169d31a025b24a9cc0b46bd04b5e1c5bf0843b,<null>,true,true,<null>,<null>,{/bin/sh,-c,nc -vz -w 1 localhost 9090 && echo TESTCONTAINERS_SUCCESS},com.github.dockerjava.core.exec.ExecCreateCmdExec@4c638573
14:15:27.724 [ducttape-0] DEBUG org.testcontainers.containers.ExecInContainerPattern - /amazing_clarke: Running "exec" command: /bin/bash -c </dev/tcp/localhost/9090 && echo TESTCONTAINERS_SUCCESS
14:15:27.724 [ducttape-0] DEBUG com.github.dockerjava.core.command.AbstrDockerCmd - Cmd: 58f9e6fd114c76c58290e718ea169d31a025b24a9cc0b46bd04b5e1c5bf0843b,<null>,true,true,<null>,<null>,{/bin/bash,-c,</dev/tcp/localhost/9090 && echo TESTCONTAINERS_SUCCESS},com.github.dockerjava.core.exec.ExecCreateCmdExec@32a18398
14:15:28.880 [ducttape-0] DEBUG org.testcontainers.containers.ExecInContainerPattern - /amazing_clarke: Running "exec" command: /bin/sh -c cat /proc/net/tcp{,6} | awk '{print $2}' | grep -i :2382 && echo TESTCONTAINERS_SUCCESS
14:15:28.880 [ducttape-0] DEBUG com.github.dockerjava.core.command.AbstrDockerCmd - Cmd: 58f9e6fd114c76c58290e718ea169d31a025b24a9cc0b46bd04b5e1c5bf0843b,<null>,true,true,<null>,<null>,{/bin/sh,-c,cat /proc/net/tcp{,6} | awk '{print $2}' | grep -i :2382 && echo TESTCONTAINERS_SUCCESS},com.github.dockerjava.core.exec.ExecCreateCmdExec@43417a78
14:15:29.007 [ducttape-0] DEBUG org.testcontainers.containers.ExecInContainerPattern - /amazing_clarke: Running "exec" command: /bin/sh -c nc -vz -w 1 localhost 9090 && echo TESTCONTAINERS_SUCCESS
14:15:29.007 [ducttape-0] DEBUG com.github.dockerjava.core.command.AbstrDockerCmd - Cmd: 58f9e6fd114c76c58290e718ea169d31a025b24a9cc0b46bd04b5e1c5bf0843b,<null>,true,true,<null>,<null>,{/bin/sh,-c,nc -vz -w 1 localhost 9090 && echo TESTCONTAINERS_SUCCESS},com.github.dockerjava.core.exec.ExecCreateCmdExec@2635f3e2
14:15:29.131 [ducttape-0] DEBUG org.testcontainers.containers.ExecInContainerPattern - /amazing_clarke: Running "exec" command: /bin/bash -c </dev/tcp/localhost/9090 && echo TESTCONTAINERS_SUCCESS
14:15:29.132 [ducttape-0] DEBUG com.github.dockerjava.core.command.AbstrDockerCmd - Cmd: 58f9e6fd114c76c58290e718ea169d31a025b24a9cc0b46bd04b5e1c5bf0843b,<null>,true,true,<null>,<null>,{/bin/bash,-c,</dev/tcp/localhost/9090 && echo TESTCONTAINERS_SUCCESS},com.github.dockerjava.core.exec.ExecCreateCmdExec@34073745
14:15:30.280 [ducttape-0] DEBUG org.testcontainers.containers.ExecInContainerPattern - /amazing_clarke: Running "exec" command: /bin/sh -c cat /proc/net/tcp{,6} | awk '{print $2}' | grep -i :2382 && echo TESTCONTAINERS_SUCCESS
14:15:30.280 [ducttape-0] DEBUG com.github.dockerjava.core.command.AbstrDockerCmd - Cmd: 58f9e6fd114c76c58290e718ea169d31a025b24a9cc0b46bd04b5e1c5bf0843b,<null>,true,true,<null>,<null>,{/bin/sh,-c,cat /proc/net/tcp{,6} | awk '{print $2}' | grep -i :2382 && echo TESTCONTAINERS_SUCCESS},com.github.dockerjava.core.exec.ExecCreateCmdExec@154bda10
14:15:30.388 [ducttape-0] DEBUG org.testcontainers.containers.ExecInContainerPattern - /amazing_clarke: Running "exec" command: /bin/sh -c nc -vz -w 1 localhost 9090 && echo TESTCONTAINERS_SUCCESS
14:15:30.388 [ducttape-0] DEBUG com.github.dockerjava.core.command.AbstrDockerCmd - Cmd: 58f9e6fd114c76c58290e718ea169d31a025b24a9cc0b46bd04b5e1c5bf0843b,<null>,true,true,<null>,<null>,{/bin/sh,-c,nc -vz -w 1 localhost 9090 && echo TESTCONTAINERS_SUCCESS},com.github.dockerjava.core.exec.ExecCreateCmdExec@cb247af
14:15:30.521 [ducttape-0] DEBUG org.testcontainers.containers.ExecInContainerPattern - /amazing_clarke: Running "exec" command: /bin/bash -c </dev/tcp/localhost/9090 && echo TESTCONTAINERS_SUCCESS
14:15:30.521 [ducttape-0] DEBUG com.github.dockerjava.core.command.AbstrDockerCmd - Cmd: 58f9e6fd114c76c58290e718ea169d31a025b24a9cc0b46bd04b5e1c5bf0843b,<null>,true,true,<null>,<null>,{/bin/bash,-c,</dev/tcp/localhost/9090 && echo TESTCONTAINERS_SUCCESS},com.github.dockerjava.core.exec.ExecCreateCmdExec@1fd6910f
14:15:31.655 [ducttape-0] DEBUG org.testcontainers.containers.ExecInContainerPattern - /amazing_clarke: Running "exec" command: /bin/sh -c cat /proc/net/tcp{,6} | awk '{print $2}' | grep -i :2382 && echo TESTCONTAINERS_SUCCESS
14:15:31.655 [ducttape-0] DEBUG com.github.dockerjava.core.command.AbstrDockerCmd - Cmd: 58f9e6fd114c76c58290e718ea169d31a025b24a9cc0b46bd04b5e1c5bf0843b,<null>,true,true,<null>,<null>,{/bin/sh,-c,cat /proc/net/tcp{,6} | awk '{print $2}' | grep -i :2382 && echo TESTCONTAINERS_SUCCESS},com.github.dockerjava.core.exec.ExecCreateCmdExec@17fd42c0
14:15:31.763 [ducttape-0] DEBUG org.testcontainers.containers.ExecInContainerPattern - /amazing_clarke: Running "exec" command: /bin/sh -c nc -vz -w 1 localhost 9090 && echo TESTCONTAINERS_SUCCESS
14:15:31.763 [ducttape-0] DEBUG com.github.dockerjava.core.command.AbstrDockerCmd - Cmd: 58f9e6fd114c76c58290e718ea169d31a025b24a9cc0b46bd04b5e1c5bf0843b,<null>,true,true,<null>,<null>,{/bin/sh,-c,nc -vz -w 1 localhost 9090 && echo TESTCONTAINERS_SUCCESS},com.github.dockerjava.core.exec.ExecCreateCmdExec@5a3edb57
14:15:31.898 [ducttape-0] DEBUG org.testcontainers.containers.ExecInContainerPattern - /amazing_clarke: Running "exec" command: /bin/bash -c </dev/tcp/localhost/9090 && echo TESTCONTAINERS_SUCCESS
14:15:31.898 [ducttape-0] DEBUG com.github.dockerjava.core.command.AbstrDockerCmd - Cmd: 58f9e6fd114c76c58290e718ea169d31a025b24a9cc0b46bd04b5e1c5bf0843b,<null>,true,true,<null>,<null>,{/bin/bash,-c,</dev/tcp/localhost/9090 && echo TESTCONTAINERS_SUCCESS},com.github.dockerjava.core.exec.ExecCreateCmdExec@493113f0
14:15:33.034 [ducttape-0] DEBUG org.testcontainers.containers.ExecInContainerPattern - /amazing_clarke: Running "exec" command: /bin/sh -c cat /proc/net/tcp{,6} | awk '{print $2}' | grep -i :2382 && echo TESTCONTAINERS_SUCCESS
14:15:33.034 [ducttape-0] DEBUG com.github.dockerjava.core.command.AbstrDockerCmd - Cmd: 58f9e6fd114c76c58290e718ea169d31a025b24a9cc0b46bd04b5e1c5bf0843b,<null>,true,true,<null>,<null>,{/bin/sh,-c,cat /proc/net/tcp{,6} | awk '{print $2}' | grep -i :2382 && echo TESTCONTAINERS_SUCCESS},com.github.dockerjava.core.exec.ExecCreateCmdExec@4f8ceca0
14:15:33.141 [ducttape-0] DEBUG org.testcontainers.containers.ExecInContainerPattern - /amazing_clarke: Running "exec" command: /bin/sh -c nc -vz -w 1 localhost 9090 && echo TESTCONTAINERS_SUCCESS
14:15:33.141 [ducttape-0] DEBUG com.github.dockerjava.core.command.AbstrDockerCmd - Cmd: 58f9e6fd114c76c58290e718ea169d31a025b24a9cc0b46bd04b5e1c5bf0843b,<null>,true,true,<null>,<null>,{/bin/sh,-c,nc -vz -w 1 localhost 9090 && echo TESTCONTAINERS_SUCCESS},com.github.dockerjava.core.exec.ExecCreateCmdExec@7aa1c00
14:15:33.282 [ducttape-0] DEBUG org.testcontainers.containers.ExecInContainerPattern - /amazing_clarke: Running "exec" command: /bin/bash -c </dev/tcp/localhost/9090 && echo TESTCONTAINERS_SUCCESS
14:15:33.282 [ducttape-0] DEBUG com.github.dockerjava.core.command.AbstrDockerCmd - Cmd: 58f9e6fd114c76c58290e718ea169d31a025b24a9cc0b46bd04b5e1c5bf0843b,<null>,true,true,<null>,<null>,{/bin/bash,-c,</dev/tcp/localhost/9090 && echo TESTCONTAINERS_SUCCESS},com.github.dockerjava.core.exec.ExecCreateCmdExec@6f50ed30
14:15:34.038 [main] ERROR 🐳 [test-rest:latest] - Could not start container
org.testcontainers.containers.ContainerLaunchException: Timed out waiting for container port to open (localhost ports: [32960] should be listening)
	at org.testcontainers.containers.wait.strategy.HostPortWaitStrategy.waitUntilReady(HostPortWaitStrategy.java:47)
	at org.testcontainers.containers.wait.strategy.AbstractWaitStrategy.waitUntilReady(AbstractWaitStrategy.java:32)
	at org.testcontainers.containers.wait.HostPortWaitStrategy.waitUntilReady(HostPortWaitStrategy.java:23)
	at org.testcontainers.containers.wait.strategy.AbstractWaitStrategy.waitUntilReady(AbstractWaitStrategy.java:32)
	at org.testcontainers.containers.GenericContainer.waitUntilContainerStarted(GenericContainer.java:556)
	at org.testcontainers.containers.GenericContainer.tryStart(GenericContainer.java:273)
	at org.testcontainers.containers.GenericContainer.lambda$doStart$0(GenericContainer.java:224)
	at org.rnorth.ducttape.unreliables.Unreliables.retryUntilSuccess(Unreliables.java:76)
	at org.testcontainers.containers.GenericContainer.doStart(GenericContainer.java:222)
	at org.testcontainers.containers.GenericContainer.start(GenericContainer.java:207)
	at rest.TestRest.setupApp(TestRest.java:88)
	at rest.TestRest.testRest(TestRest.java:64)
	at sun.reflect.NativeMethodAccessorImpl.invoke0(Native Method)
	at sun.reflect.NativeMethodAccessorImpl.invoke(NativeMethodAccessorImpl.java:62)
	at sun.reflect.DelegatingMethodAccessorImpl.invoke(DelegatingMethodAccessorImpl.java:43)
	at java.lang.reflect.Method.invoke(Method.java:498)
	at org.junit.runners.model.FrameworkMethod$1.runReflectiveCall(FrameworkMethod.java:50)
	at org.junit.internal.runners.model.ReflectiveCallable.run(ReflectiveCallable.java:12)
	at org.junit.runners.model.FrameworkMethod.invokeExplosively(FrameworkMethod.java:47)
	at org.junit.internal.runners.statements.InvokeMethod.evaluate(InvokeMethod.java:17)
	at org.junit.internal.runners.statements.RunAfters.evaluate(RunAfters.java:27)
	at org.junit.runners.ParentRunner.runLeaf(ParentRunner.java:325)
	at org.junit.runners.BlockJUnit4ClassRunner.runChild(BlockJUnit4ClassRunner.java:78)
	at org.junit.runners.BlockJUnit4ClassRunner.runChild(BlockJUnit4ClassRunner.java:57)
	at org.junit.runners.ParentRunner$3.run(ParentRunner.java:290)
	at org.junit.runners.ParentRunner$1.schedule(ParentRunner.java:71)
	at org.junit.runners.ParentRunner.runChildren(ParentRunner.java:288)
	at org.junit.runners.ParentRunner.access$000(ParentRunner.java:58)
	at org.junit.runners.ParentRunner$2.evaluate(ParentRunner.java:268)
	at org.junit.internal.runners.statements.RunBefores.evaluate(RunBefores.java:26)
	at org.junit.internal.runners.statements.RunAfters.evaluate(RunAfters.java:27)
	at org.junit.runners.ParentRunner.run(ParentRunner.java:363)
	at org.apache.maven.surefire.junit4.JUnit4Provider.execute(JUnit4Provider.java:365)
	at org.apache.maven.surefire.junit4.JUnit4Provider.executeWithRerun(JUnit4Provider.java:273)
	at org.apache.maven.surefire.junit4.JUnit4Provider.executeTestSet(JUnit4Provider.java:238)
	at org.apache.maven.surefire.junit4.JUnit4Provider.invoke(JUnit4Provider.java:159)
	at org.apache.maven.surefire.booter.ForkedBooter.invokeProviderInSameClassLoader(ForkedBooter.java:384)
	at org.apache.maven.surefire.booter.ForkedBooter.runSuitesInProcess(ForkedBooter.java:345)
	at org.apache.maven.surefire.booter.ForkedBooter.execute(ForkedBooter.java:126)
	at org.apache.maven.surefire.booter.ForkedBooter.main(ForkedBooter.java:418)
14:15:34.038 [main] ERROR 🐳 [test-rest:latest] - Container log output (if any) will follow:
14:15:34.046 [testcontainers-netty-1-13] INFO 🐳 [test-rest:latest] - STDOUT: 
14:15:34.047 [testcontainers-netty-1-13] INFO 🐳 [test-rest:latest] - STDOUT:   .   ____          _            __ _ _
14:15:34.047 [testcontainers-netty-1-13] INFO 🐳 [test-rest:latest] - STDOUT:  /\\ / ___'_ __ _ _(_)_ __  __ _ \ \ \ \
14:15:34.047 [testcontainers-netty-1-13] INFO 🐳 [test-rest:latest] - STDOUT: ( ( )\___ | '_ | '_| | '_ \/ _` | \ \ \ \
14:15:34.047 [testcontainers-netty-1-13] INFO 🐳 [test-rest:latest] - STDOUT:  \\/  ___)| |_)| | | | | || (_| |  ) ) ) )
14:15:34.047 [testcontainers-netty-1-13] INFO 🐳 [test-rest:latest] - STDOUT:   '  |____| .__|_| |_|_| |_\__, | / / / /
14:15:34.047 [testcontainers-netty-1-13] INFO 🐳 [test-rest:latest] - STDOUT:  =========|_|==============|___/=/_/_/_/
14:15:34.047 [testcontainers-netty-1-13] INFO 🐳 [test-rest:latest] - STDOUT:  :: Spring Boot ::        (v2.1.4.RELEASE)
14:15:34.047 [testcontainers-netty-1-13] INFO 🐳 [test-rest:latest] - STDOUT: 
14:15:34.048 [testcontainers-netty-1-13] INFO 🐳 [test-rest:latest] - STDOUT: 2019-06-18 18:14:35.723  INFO 6 --- [           main] rest.Application                         : Starting Application v0.1.0 on 58f9e6fd114c with PID 6 (/test-rest.jar started by root in /)
14:15:34.048 [testcontainers-netty-1-13] INFO 🐳 [test-rest:latest] - STDOUT: 2019-06-18 18:14:35.730  INFO 6 --- [           main] rest.Application                         : No active profile set, falling back to default profiles: default
14:15:34.048 [testcontainers-netty-1-13] INFO 🐳 [test-rest:latest] - STDOUT: 2019-06-18 18:14:38.228  INFO 6 --- [           main] trationDelegate$BeanPostProcessorChecker : Bean 'org.springframework.transaction.annotation.ProxyTransactionManagementConfiguration' of type [org.springframework.transaction.annotation.ProxyTransactionManagementConfiguration$$EnhancerBySpringCGLIB$$6557d62] is not eligible for getting processed by all BeanPostProcessors (for example: not eligible for auto-proxying)
14:15:34.048 [testcontainers-netty-1-13] INFO 🐳 [test-rest:latest] - STDOUT: 2019-06-18 18:14:39.106  INFO 6 --- [           main] o.s.b.w.embedded.tomcat.TomcatWebServer  : Tomcat initialized with port(s): 8080 (http)
14:15:34.049 [testcontainers-netty-1-13] INFO 🐳 [test-rest:latest] - STDOUT: 2019-06-18 18:14:39.176  INFO 6 --- [           main] o.apache.catalina.core.StandardService   : Starting service [Tomcat]
14:15:34.049 [testcontainers-netty-1-13] INFO 🐳 [test-rest:latest] - STDOUT: 2019-06-18 18:14:39.177  INFO 6 --- [           main] org.apache.catalina.core.StandardEngine  : Starting Servlet engine: [Apache Tomcat/9.0.17]
14:15:34.049 [testcontainers-netty-1-13] INFO 🐳 [test-rest:latest] - STDOUT: 2019-06-18 18:14:39.362  INFO 6 --- [           main] o.a.c.c.C.[Tomcat].[localhost].[/]       : Initializing Spring embedded WebApplicationContext
14:15:34.049 [testcontainers-netty-1-13] INFO 🐳 [test-rest:latest] - STDOUT: 2019-06-18 18:14:39.362  INFO 6 --- [           main] o.s.web.context.ContextLoader            : Root WebApplicationContext: initialization completed in 3541 ms
14:15:34.049 [testcontainers-netty-1-13] INFO 🐳 [test-rest:latest] - STDOUT: 2019-06-18 18:14:40.440  INFO 6 --- [           main] pertySourcedRequestMappingHandlerMapping : Mapped URL path [/v2/api-docs] onto method [public org.springframework.http.ResponseEntity<springfox.documentation.spring.web.json.Json> springfox.documentation.swagger2.web.Swagger2Controller.getDocumentation(java.lang.String,javax.servlet.http.HttpServletRequest)]
14:15:34.049 [testcontainers-netty-1-13] INFO 🐳 [test-rest:latest] - STDOUT: 2019-06-18 18:14:40.732  INFO 6 --- [           main] o.s.s.concurrent.ThreadPoolTaskExecutor  : Initializing ExecutorService 'applicationTaskExecutor'
14:15:34.050 [testcontainers-netty-1-13] INFO 🐳 [test-rest:latest] - STDOUT: [18:14:41] (wrn) Failed to resolve IGNITE_HOME automatically for class codebase [class=class o.a.i.i.util.IgniteUtils, e=URI is not hierarchical]
14:15:34.050 [testcontainers-netty-1-13] INFO 🐳 [test-rest:latest] - STDOUT: 2019-06-18 18:14:41.094 ERROR 6 --- [           main]                                          : Failed to resolve default logging config file: config/java.util.logging.properties
14:15:34.050 [testcontainers-netty-1-13] INFO 🐳 [test-rest:latest] - STDERR: Console logging handler is not configured.
14:15:34.050 [testcontainers-netty-1-13] INFO 🐳 [test-rest:latest] - STDOUT: 2019-06-18 18:14:41.107  INFO 6 --- [           main] o.s.j.d.e.EmbeddedDatabaseFactory        : Starting embedded database: url='jdbc:h2:mem:testdb;DB_CLOSE_DELAY=-1;DB_CLOSE_ON_EXIT=false', username='sa'
14:15:34.050 [testcontainers-netty-1-13] INFO 🐳 [test-rest:latest] - STDOUT: 2019-06-18 18:14:41.684  INFO 6 --- [           main] d.s.w.p.DocumentationPluginsBootstrapper : Context refreshed
14:15:34.050 [testcontainers-netty-1-13] INFO 🐳 [test-rest:latest] - STDOUT: 2019-06-18 18:14:41.757  INFO 6 --- [           main] d.s.w.p.DocumentationPluginsBootstrapper : Found 1 custom documentation plugin(s)
14:15:34.050 [testcontainers-netty-1-13] INFO 🐳 [test-rest:latest] - STDOUT: 2019-06-18 18:14:41.846  INFO 6 --- [           main] s.d.s.w.s.ApiListingReferenceScanner     : Scanning for api listing references
14:15:34.051 [testcontainers-netty-1-13] INFO 🐳 [test-rest:latest] - STDOUT: 2019-06-18 18:14:42.222  INFO 6 --- [           main] o.s.b.w.embedded.tomcat.TomcatWebServer  : Tomcat started on port(s): 8080 (http) with context path ''
14:15:34.051 [testcontainers-netty-1-13] INFO 🐳 [test-rest:latest] - STDOUT: 2019-06-18 18:14:42.229  INFO 6 --- [           main] rest.Application                         : Started Application in 7.25 seconds (JVM running for 8.216)
14:15:34.052 [main] DEBUG 🐳 [test-rest:latest] - 
+ Profiler [Container startup]
|-- elapsed time [Prepare container configuration and host configuration]     0.000  seconds.
|---+ Profiler [Container startup attempt]
    |-- elapsed time       [Create container]     0.171  seconds.
    |-- elapsed time        [Start container]     0.606  seconds.
    |-- elapsed time   [Inspecting container]     0.008  seconds.
    |-- elapsed time [Call containerIsStarting on subclasses]     0.000  seconds.
    |-- elapsed time [Wait until container has started properly, or there's evidence it failed to start.]     0.007  seconds.
    |-- elapsed time [Wait until container started properly]    60.018  seconds.
    |-- Subtotal     [Container startup attempt]    60.809  seconds.
|-- elapsed time [Container startup attempt]    60.809  seconds.
|-- Total             [Container startup]    60.810  seconds.

]]></system-out>
  </testcase>
</testsuite>